Using launch settings from MobileERP/MobileERP.API/Properties/launchSettings.json...
Building...
info: Microsoft.EntityFrameworkCore.Database.Command[20101]
      Executed DbCommand (33ms) [Parameters=[], CommandType='Text', CommandTimeout='30']
      
                          DO $$ 
                          BEGIN 
                              IF EXISTS (SELECT 1 FROM information_schema.columns WHERE table_name='PurchaseDetails' AND column_name='IMEI1') THEN
                                  ALTER TABLE "PurchaseDetails" DROP COLUMN "IMEI1";
                              END IF;
                              IF EXISTS (SELECT 1 FROM information_schema.columns WHERE table_name='PurchaseDetails' AND column_name='IMEI2') THEN
                                  ALTER TABLE "PurchaseDetails" DROP COLUMN "IMEI2";
                              END IF;
                              IF EXISTS (SELECT 1 FROM information_schema.columns WHERE table_name='PurchaseDetails' AND column_name='SerialNumber') THEN
                                  ALTER TABLE "PurchaseDetails" DROP COLUMN "SerialNumber";
                              END IF;
                          END $$;
Schema drift fixed successfully.
info: Microsoft.EntityFrameworkCore.Database.Command[20101]
      Executed DbCommand (6ms) [Parameters=[], CommandType='Text', CommandTimeout='30']
      SELECT EXISTS (
          SELECT 1
          FROM "MobileDevices" AS m)
info: Microsoft.EntityFrameworkCore.Database.Command[20101]
      Executed DbCommand (1ms) [Parameters=[], CommandType='Text', CommandTimeout='30']
      SELECT EXISTS (
          SELECT 1
          FROM "AccountCategories" AS a)
info: Microsoft.EntityFrameworkCore.Database.Command[20101]
      Executed DbCommand (1ms) [Parameters=[], CommandType='Text', CommandTimeout='30']
      SELECT u."Id", u."AvailableCopies", u."BranchId", u."CanSeeOthersEntry", u."ComId", u."CreateDate", u."Email", u."FullName", u."IsActive", u."IsDelete", u."IsShowCosting", u."LuserId", u."LuserIdUpdate", u."PasswordHash", u."PromoCode", u."Role", u."UpdateDate", u."Username"
      FROM "Users" AS u
      WHERE u."Username" = 'admin'
      LIMIT 1
info: Microsoft.EntityFrameworkCore.Database.Command[20101]
      Executed DbCommand (1ms) [Parameters=[], CommandType='Text', CommandTimeout='30']
      SELECT EXISTS (
          SELECT 1
          FROM "Companies" AS c)
info: Microsoft.EntityFrameworkCore.Database.Command[20101]
      Executed DbCommand (1ms) [Parameters=[], CommandType='Text', CommandTimeout='30']
      SELECT EXISTS (
          SELECT 1
          FROM "WarrantyTypes" AS w)
info: Microsoft.EntityFrameworkCore.Database.Command[20101]
      Executed DbCommand (1ms) [Parameters=[], CommandType='Text', CommandTimeout='30']
      SELECT EXISTS (
          SELECT 1
          FROM "WarrantyDurations" AS w)
info: Microsoft.EntityFrameworkCore.Database.Command[20101]
      Executed DbCommand (1ms) [Parameters=[], CommandType='Text', CommandTimeout='30']
      SELECT EXISTS (
          SELECT 1
          FROM "WarrantyCoverages" AS w)
info: Microsoft.EntityFrameworkCore.Database.Command[20101]
      Executed DbCommand (1ms) [Parameters=[], CommandType='Text', CommandTimeout='30']
      SELECT EXISTS (
          SELECT 1
          FROM "ProductConditions" AS p)
info: Microsoft.EntityFrameworkCore.Database.Command[20101]
      Executed DbCommand (1ms) [Parameters=[], CommandType='Text', CommandTimeout='30']
      SELECT EXISTS (
          SELECT 1
          FROM "MarketTypes" AS m)
info: Microsoft.EntityFrameworkCore.Database.Command[20101]
      Executed DbCommand (1ms) [Parameters=[], CommandType='Text', CommandTimeout='30']
      SELECT EXISTS (
          SELECT 1
          FROM "Contacts" AS c)
fail: Microsoft.Extensions.Hosting.Internal.Host[11]
      Hosting failed to start
      System.IO.IOException: Failed to bind to address http://127.0.0.1:5237: address already in use.
       ---> Microsoft.AspNetCore.Connections.AddressInUseException: Address already in use
       ---> System.Net.Sockets.SocketException (48): Address already in use
         at System.Net.Sockeinfo: Microsoft.EntityFrameworkCore.Database.Command[20101]
      Executed DbCommand (15ms) [Parameters=[@ef_filter__p2='?' (DbType = Boolean)], CommandType='Text', CommandTimeout='30']
      SELECT count(*)::int
      FROM "Contacts" AS c
      WHERE NOT (c."IsDelete") AND (@ef_filter__p2 OR c."ComId" IS NULL)
info: Microsoft.EntityFrameworkCore.Database.Command[20101]
      Executed DbCommand (15ms) [Parameters=[@ef_filter__p2='?' (DbType = Boolean)], CommandType='Text', CommandTimeout='30']
      SELECT a."Id", a."AccountCategoryId", a."AccountType", a."ComId", a."CreateDate", a."CurrentBalance", a."IsDefault", a."IsDelete", a."LuserId", a."LuserIdUpdate", a."Name", a."UpdateDate"
      FROM "AccountHeads" AS a
      WHERE NOT (a."IsDelete") AND (@ef_filter__p2 OR a."ComId" IS NULL)
      ORDER BY a."Name"
info: Microsoft.EntityFrameworkCore.Database.Command[20101]
      Executed DbCommand (2ms) [Parameters=[@ef_filter__p2='?' (DbType = Boolean), @p1='?' (DbType = Int32), @p='?' (DbType = Int32)], CommandType='Text', CommandTimeout='30']
      SELECT c."Id", c."Address", c."ComId", c."CreateDate", c."CustomerBalance", c."DrivingLicense", c."Email", c."IsCustomer", c."IsDelete", c."IsSupplier", c."LuserId", c."LuserIdUpdate", c."NID", c."Name", c."OpeningBalance", c."Passport", c."Phone", c."SupplierBalance", c."UpdateDate"
      FROM "Contacts" AS c
      WHERE NOT (c."IsDelete") AND (@ef_filter__p2 OR c."ComId" IS NULL)
      ORDER BY c."Id" DESC
      LIMIT @p1 OFFSET @p
info: Microsoft.EntityFrameworkCore.Database.Command[20101]
      Executed DbCommand (2ms) [Parameters=[@request_Username='?'], CommandType='Text', CommandTimeout='30']
      SELECT u."Id", u."AvailableCopies", u."BranchId", u."CanSeeOthersEntry", u."ComId", u."CreateDate", u."Email", u."FullName", u."IsActive", u."IsDelete", u."IsShowCosting", u."LuserId", u."LuserIdUpdate", u."PasswordHash", u."PromoCode", u."Role", u."UpdateDate", u."Username"
      FROM "Users" AS u
      WHERE NOT (u."IsDelete") AND (u."Email" = @request_Username OR u."Username" = @request_Username)
      LIMIT 1
info: Microsoft.EntityFrameworkCore.Database.Command[20101]
      Executed DbCommand (3ms) [Parameters=[@ef_filter__p2='?' (DbType = Boolean), @ef_filter__CurrentComId='?' (DbType = Int32), @start='?' (DbType = DateTime), @end='?' (DbType = DateTime)], CommandType='Text', CommandTimeout='30']
      SELECT COALESCE(sum(s."NetTotal"), 0.0)
      FROM "SalesInvoices" AS s
      WHERE NOT (s."IsDelete") AND (@ef_filter__p2 OR s."ComId" = @ef_filter__CurrentComId OR s."ComId" IS NULL) AND s."SalesDate" >= @start AND s."SalesDate" < @end AND NOT (s."IsDelete")
info: Microsoft.EntityFrameworkCore.Database.Command[20101]
      Executed DbCommand (1ms) [Parameters=[@ef_filter__p2='?' (DbType = Boolean), @ef_filter__CurrentComId='?' (DbType = Int32), @start='?' (DbType = DateTime), @end='?' (DbType = DateTime)], CommandType='Text', CommandTimeout='30']
      SELECT count(*)::int
      FROM "SalesInvoices" AS s
      WHERE NOT (s."IsDelete") AND (@ef_filter__p2 OR s."ComId" = @ef_filter__CurrentComId OR s."ComId" IS NULL) AND s."SalesDate" >= @start AND s."SalesDate" < @end AND NOT (s."IsDelete")
info: Microsoft.EntityFrameworkCore.Database.Command[20101]
      Executed DbCommand (1ms) [Parameters=[@ef_filter__p2='?' (DbType = Boolean), @ef_filter__CurrentComId='?' (DbType = Int32), @start='?' (DbType = DateTime), @end='?' (DbType = DateTime)], CommandType='Text', CommandTimeout='30']
      SELECT COALESCE(sum(p."TotalAmount"), 0.0)
      FROM "PurchaseInvoices" AS p
      WHERE NOT (p."IsDelete") AND (@ef_filter__p2 OR p."ComId" = @ef_filter__CurrentComId OR p."ComId" IS NULL) AND p."PurchaseDate" >= @start AND p."PurchaseDate" < @end AND NOT (p."IsDelete")
info: Microsoft.EntityFrameworkCore.Database.Command[20101]
      Executed DbCommand (2ms) [Parameters=[@ef_filter__p2='?' (DbType = Boolean), @ef_filter__CurrentComId='?' (DbType = Int32)], CommandType='Text', CommandTimeout='30']
      SELECT COALESCE(sum(i."CostPrice"), 0.0)
      FROM "Inventory" AS i
      WHERE NOT (i."IsDelete") AND (@ef_filter__p2 OR i."ComId" = @ef_filter__CurrentComId OR i."ComId" IS NULL) AND NOT (i."IsSold") AND NOT (i."IsDelete")
info: Microsoft.EntityFrameworkCore.Database.Command[20101]
      Executed DbCommand (2ms) [Parameters=[@ef_filter__p2='?' (DbType = Boolean), @ef_filter__CurrentComId='?' (DbType = Int32), @start='?' (DbType = DateTime), @end='?' (DbType = DateTime)], CommandType='Text', CommandTimeout='30']
      SELECT COALESCE(sum(j."Debit"), 0.0)
      FROM "JournalEntries" AS j
      INNER JOIN (
          SELECT j0."Id", j0."IsDelete", j0."ReferenceType", j0."VoucherDate"
          FROM "JournalVouchers" AS j0
          WHERE NOT (j0."IsDelete") AND (@ef_filter__p2 OR j0."ComId" = @ef_filter__CurrentComId OR j0."ComId" IS NULL)
      ) AS j1 ON j."JournalVoucherId" = j1."Id"
      INNER JOIN (
          SELECT a."Id", a."AccountCategoryId", a."AccountType"
          FROM "AccountHeads" AS a
          WHERE NOT (a."IsDelete") AND (@ef_filter__p2 OR a."ComId" = @ef_filter__CurrentComId OR a."ComId" IS NULL)
      ) AS a0 ON j."AccountHeadId" = a0."Id"
      INNER JOIN (
          SELECT a1."Id", a1."Name"
          FROM "AccountCategories" AS a1
          WHERE NOT (a1."IsDelete") AND (@ef_filter__p2 OR a1."ComId" = @ef_filter__CurrentComId OR a1."ComId" IS NULL)
      ) AS a2 ON a0."AccountCategoryId" = a2."Id"
      WHERE NOT (j."IsDelete") AND (@ef_filter__p2 OR j."ComId" = @ef_filter__CurrentComId OR j."ComId" IS NULL) AND j1."VoucherDate" >= @start AND j1."VoucherDate" < @end AND NOT (j."IsDelete") AND NOT (j1."IsDelete") AND (a2."Name" = 'Expense' OR a0."AccountType" = 'Expense') AND j1."ReferenceType" <> 'Sale' AND j1."ReferenceType" <> 'SalesReturn'
info: Microsoft.EntityFrameworkCore.Database.Command[20101]
      Executed DbCommand (3ms) [Parameters=[@ef_filter__p2='?' (DbType = Boolean), @ef_filter__CurrentComId='?' (DbType = Int32), @start='?' (DbType = DateTime), @end='?' (DbType = DateTime)], CommandType='Text', CommandTimeout='30']
      SELECT count(*)::int
      FROM (
          SELECT DISTINCT j."JournalVoucherId"
          FROM "JournalEntries" AS j
          INNER JOIN (
              SELECT j0."Id", j0."IsDelete", j0."ReferenceType", j0."VoucherDate"
              FROM "JournalVouchers" AS j0
              WHERE NOT (j0."IsDelete") AND (@ef_filter__p2 OR j0."ComId" = @ef_filter__CurrentComId OR j0."ComId" IS NULL)
          ) AS j1 ON j."JournalVoucherId" = j1."Id"
          INNER JOIN (
              SELECT a."Id", a."AccountCategoryId", a."AccountType"
              FROM "AccountHeads" AS a
              WHERE NOT (a."IsDelete") AND (@ef_filter__p2 OR a."ComId" = @ef_filter__CurrentComId OR a."ComId" IS NULL)
          ) AS a0 ON j."AccountHeadId" = a0."Id"
          INNER JOIN (
              SELECT a1."Id", a1."Name"
              FROM "AccountCategories" AS a1
              WHERE NOT (a1."IsDelete") AND (@ef_filter__p2 OR a1."ComId" = @ef_filter__CurrentComId OR a1."ComId" IS NULL)
          ) AS a2 ON a0."AccountCategoryId" = a2."Id"
          WHERE NOT (j."IsDelete") AND (@ef_filter__p2 OR j."ComId" = @ef_filter__CurrentComId OR j."ComId" IS NULL) AND j1."VoucherDate" >= @start AND j1."VoucherDate" < @end AND NOT (j."IsDelete") AND NOT (j1."IsDelete") AND (a2."Name" = 'Expense' OR a0."AccountType" = 'Expense') AND j1."ReferenceType" <> 'Sale' AND j1."ReferenceType" <> 'SalesReturn'
      ) AS s
info: Microsoft.EntityFrameworkCore.Database.Command[20101]
      Executed DbCommand (1ms) [Parameters=[@ef_filter__p2='?' (DbType = Boolean), @ef_filter__CurrentComId='?' (DbType = Int32), @start='?' (DbType = DateTime), @end='?' (DbType = DateTime)], CommandType='Text', CommandTimeout='30']
      SELECT COALESCE(sum(j."Debit"), 0.0)
      FROM "JournalEntries" AS j
      INNER JOIN (
          SELECT j0."Id", j0."IsDelete", j0."ReferenceType", j0."VoucherDate"
          FROM "JournalVouchers" AS j0
          WHERE NOT (j0."IsDelete") AND (@ef_filter__p2 OR j0."ComId" = @ef_filter__CurrentComId OR j0."ComId" IS NULL)
      ) AS j1 ON j."JournalVoucherId" = j1."Id"
      INNER JOIN (
          SELECT a."Id", a."Name"
          FROM "AccountHeads" AS a
          WHERE NOT (a."IsDelete") AND (@ef_filter__p2 OR a."ComId" = @ef_filter__CurrentComId OR a."ComId" IS NULL)
      ) AS a0 ON j."AccountHeadId" = a0."Id"
      WHERE NOT (j."IsDelete") AND (@ef_filter__p2 OR j."ComId" = @ef_filter__CurrentComId OR j."ComId" IS NULL) AND j1."VoucherDate" >= @start AND j1."VoucherDate" < @end AND NOT (j."IsDelete") AND NOT (j1."IsDelete") AND j1."ReferenceType" = 'Sale' AND a0."Name" = 'Cost of Goods Sold'
info: Microsoft.EntityFrameworkCore.Database.Command[20101]
      Executed DbCommand (1ms) [Parameters=[@ef_filter__p2='?' (DbType = Boolean), @ef_filter__CurrentComId='?' (DbType = Int32), @start='?' (DbType = DateTime), @end='?' (DbType = DateTime)], CommandType='Text', CommandTimeout='30']
      SELECT COALESCE(sum(j."Debit"), 0.0)
      FROM "JournalEntries" AS j
      INNER JOIN (
          SELECT j0."Id", j0."IsDelete", j0."ReferenceType", j0."VoucherDate"
          FROM "JournalVouchers" AS j0
          WHERE NOT (j0."IsDelete") AND (@ef_filter__p2 OR j0."ComId" = @ef_filter__CurrentComId OR j0."ComId" IS NULL)
      ) AS j1 ON j."JournalVoucherId" = j1."Id"
      INNER JOIN (
          SELECT a."Id", a."AccountType"
          FROM "AccountHeads" AS a
          WHERE NOT (a."IsDelete") AND (@ef_filter__p2 OR a."ComId" = @ef_filter__CurrentComId OR a."ComId" IS NULL)
      ) AS a0 ON j."AccountHeadId" = a0."Id"
      WHERE NOT (j."IsDelete") AND (@ef_filter__p2 OR j."ComId" = @ef_filter__CurrentComId OR j."ComId" IS NULL) AND j1."VoucherDate" >= @start AND j1."VoucherDate" < @end AND NOT (j."IsDelete") AND NOT (j1."IsDelete") AND a0."AccountType" IN ('Cash', 'Bank') AND j."Debit" > 0.0 AND j1."ReferenceType" <> 'Contra'
info: Microsoft.EntityFrameworkCore.Database.Command[20101]
      Executed DbCommand (1ms) [Parameters=[@ef_filter__p2='?' (DbType = Boolean), @ef_filter__CurrentComId='?' (DbType = Int32), @start='?' (DbType = DateTime), @end='?' (DbType = DateTime)], CommandType='Text', CommandTimeout='30']
      SELECT COALESCE(sum(j."Credit"), 0.0)
      FROM "JournalEntries" AS j
      INNER JOIN (
          SELECT j0."Id", j0."IsDelete", j0."ReferenceType", j0."VoucherDate"
          FROM "JournalVouchers" AS j0
          WHERE NOT (j0."IsDelete") AND (@ef_filter__p2 OR j0."ComId" = @ef_filter__CurrentComId OR j0."ComId" IS NULL)
      ) AS j1 ON j."JournalVoucherId" = j1."Id"
      INNER JOIN (
          SELECT a."Id", a."AccountType"
          FROM "AccountHeads" AS a
          WHERE NOT (a."IsDelete") AND (@ef_filter__p2 OR a."ComId" = @ef_filter__CurrentComId OR a."ComId" IS NULL)
      ) AS a0 ON j."AccountHeadId" = a0."Id"
      WHERE NOT (j."IsDelete") AND (@ef_filter__p2 OR j."ComId" = @ef_filter__CurrentComId OR j."ComId" IS NULL) AND j1."VoucherDate" >= @start AND j1."VoucherDate" < @end AND NOT (j."IsDelete") AND NOT (j1."IsDelete") AND a0."AccountType" IN ('Cash', 'Bank') AND j."Credit" > 0.0 AND j1."ReferenceType" <> 'Contra'
info: Microsoft.EntityFrameworkCore.Database.Command[20101]
      Executed DbCommand (0ms) [Parameters=[@ef_filter__p2='?' (DbType = Boolean), @ef_filter__CurrentComId='?' (DbType = Int32)], CommandType='Text', CommandTimeout='30']
      SELECT count(*)::int
      FROM "Contacts" AS c
      WHERE NOT (c."IsDelete") AND (@ef_filter__p2 OR c."ComId" = @ef_filter__CurrentComId OR c."ComId" IS NULL) AND c."IsCustomer" AND NOT (c."IsDelete")
info: Microsoft.EntityFrameworkCore.Database.Command[20101]
      Executed DbCommand (1ms) [Parameters=[@ef_filter__p2='?' (DbType = Boolean), @ef_filter__CurrentComId='?' (DbType = Int32)], CommandType='Text', CommandTimeout='30']
      SELECT a."Name", a."AccountType", a."CurrentBalance" AS "Balance"
      FROM "AccountHeads" AS a
      WHERE NOT (a."IsDelete") AND (@ef_filter__p2 OR a."ComId" = @ef_filter__CurrentComId OR a."ComId" IS NULL) AND a."AccountType" IN ('Cash', 'Bank') AND NOT (a."IsDelete")
info: Microsoft.EntityFrameworkCore.Database.Command[20101]
      Executed DbCommand (1ms) [Parameters=[@ef_filter__p2='?' (DbType = Boolean), @ef_filter__CurrentComId='?' (DbType = Int32), @trendStart='?' (DbType = DateTime), @end='?' (DbType = DateTime)], CommandType='Text', CommandTimeout='30']
      SELECT s0."Key" AS "Date", COALESCE(sum(s0."NetTotal"), 0.0) AS "Amount"
      FROM (
          SELECT s."NetTotal", date_trunc('day', s."SalesDate", 'UTC') AS "Key"
          FROM "SalesInvoices" AS s
          WHERE NOT (s."IsDelete") AND (@ef_filter__p2 OR s."ComId" = @ef_filter__CurrentComId OR s."ComId" IS NULL) AND s."SalesDate" >= @trendStart AND s."SalesDate" < @end AND NOT (s."IsDelete")
      ) AS s0
      GROUP BY s0."Key"
info: Microsoft.EntityFrameworkCore.Database.Command[20101]
      Executed DbCommand (2ms) [Parameters=[@ef_filter__p2='?' (DbType = Boolean), @ef_filter__CurrentComId='?' (DbType = Int32), @p='?' (DbType = Int32)], CommandType='Text', CommandTimeout='30']
      SELECT m0."Brand", count(*)::int AS "Count", COALESCE(sum(i."CostPrice"), 0.0) AS "Value"
      FROM "Inventory" AS i
      LEFT JOIN (
          SELECT m."Id", m."Brand"
          FROM "MobileDevices" AS m
          WHERE NOT (m."IsDelete") AND (@ef_filter__p2 OR m."ComId" = @ef_filter__CurrentComId OR m."ComId" IS NULL)
      ) AS m0 ON i."MobileDeviceId" = m0."Id"
      WHERE NOT (i."IsDelete") AND (@ef_filter__p2 OR i."ComId" = @ef_filter__CurrentComId OR i."ComId" IS NULL) AND NOT (i."IsSold") AND NOT (i."IsDelete") AND i."MobileDeviceId" IS NOT NULL
      GROUP BY m0."Brand"
      ORDER BY count(*)::int DESC
      LIMIT @p
info: Microsoft.EntityFrameworkCore.Database.Command[20101]
      Executed DbCommand (1ms) [Parameters=[@ef_filter__p2='?' (DbType = Boolean), @ef_filter__CurrentComId='?' (DbType = Int32), @p='?' (DbType = Int32)], CommandType='Text', CommandTimeout='30']
      SELECT s."InvoiceNo", s."SalesDate", s."NetTotal", (
          SELECT c."Name"
          FROM "Contacts" AS c
          WHERE NOT (c."IsDelete") AND (@ef_filter__p2 OR c."ComId" = @ef_filter__CurrentComId OR c."ComId" IS NULL) AND c."Id" = s."CustomerId"
          LIMIT 1) AS "CustomerName"
      FROM "SalesInvoices" AS s
      WHERE NOT (s."IsDelete") AND (@ef_filter__p2 OR s."ComId" = @ef_filter__CurrentComId OR s."ComId" IS NULL) AND NOT (s."IsDelete")
      ORDER BY s."SalesDate" DESC
      LIMIT @p
info: Microsoft.EntityFrameworkCore.Database.Command[20101]
      Executed DbCommand (1ms) [Parameters=[@ef_filter__p2='?' (DbType = Boolean), @ef_filter__CurrentComId='?' (DbType = Int32), @p='?' (DbType = Int32)], CommandType='Text', CommandTimeout='30']
      SELECT e."VoucherNo", e."ExpenseDate", e."TotalAmount", e."Remarks" AS "Description"
      FROM "ExpenseVouchers" AS e
      WHERE NOT (e."IsDelete") AND (@ef_filter__p2 OR e."ComId" = @ef_filter__CurrentComId OR e."ComId" IS NULL) AND NOT (e."IsDelete")
      ORDER BY e."ExpenseDate" DESC
      LIMIT @p
info: Microsoft.EntityFrameworkCore.Database.Command[20101]
      Executed DbCommand (1ms) [Parameters=[@ef_filter__p2='?' (DbType = Boolean), @ef_filter__CurrentComId='?' (DbType = Int32), @start='?' (DbType = DateTime), @end='?' (DbType = DateTime)], CommandType='Text', CommandTimeout='30']
      SELECT COALESCE(sum(s."NetTotal"), 0.0)
      FROM "SalesInvoices" AS s
      WHERE NOT (s."IsDelete") AND (@ef_filter__p2 OR s."ComId" = @ef_filter__CurrentComId OR s."ComId" IS NULL) AND s."SalesDate" >= @start AND s."SalesDate" < @end AND NOT (s."IsDelete")
info: Microsoft.EntityFrameworkCore.Database.Command[20101]
      Executed DbCommand (1ms) [Parameters=[@ef_filter__p2='?' (DbType = Boolean), @ef_filter__CurrentComId='?' (DbType = Int32), @start='?' (DbType = DateTime), @end='?' (DbType = DateTime)], CommandType='Text', CommandTimeout='30']
      SELECT count(*)::int
      FROM "SalesInvoices" AS s
      WHERE NOT (s."IsDelete") AND (@ef_filter__p2 OR s."ComId" = @ef_filter__CurrentComId OR s."ComId" IS NULL) AND s."SalesDate" >= @start AND s."SalesDate" < @end AND NOT (s."IsDelete")
info: Microsoft.EntityFrameworkCore.Database.Command[20101]
      Executed DbCommand (1ms) [Parameters=[@ef_filter__p2='?' (DbType = Boolean), @ef_filter__CurrentComId='?' (DbType = Int32), @start='?' (DbType = DateTime), @end='?' (DbType = DateTime)], CommandType='Text', CommandTimeout='30']
      SELECT COALESCE(sum(p."TotalAmount"), 0.0)
      FROM "PurchaseInvoices" AS p
      WHERE NOT (p."IsDelete") AND (@ef_filter__p2 OR p."ComId" = @ef_filter__CurrentComId OR p."ComId" IS NULL) AND p."PurchaseDate" >= @start AND p."PurchaseDate" < @end AND NOT (p."IsDelete")
info: Microsoft.EntityFrameworkCore.Database.Command[20101]
      Executed DbCommand (1ms) [Parameters=[@ef_filter__p2='?' (DbType = Boolean), @ef_filter__CurrentComId='?' (DbType = Int32)], CommandType='Text', CommandTimeout='30']
      SELECT COALESCE(sum(i."CostPrice"), 0.0)
      FROM "Inventory" AS i
      WHERE NOT (i."IsDelete") AND (@ef_filter__p2 OR i."ComId" = @ef_filter__CurrentComId OR i."ComId" IS NULL) AND NOT (i."IsSold") AND NOT (i."IsDelete")
info: Microsoft.EntityFrameworkCore.Database.Command[20101]
      Executed DbCommand (2ms) [Parameters=[@ef_filter__p2='?' (DbType = Boolean), @ef_filter__CurrentComId='?' (DbType = Int32), @start='?' (DbType = DateTime), @end='?' (DbType = DateTime)], CommandType='Text', CommandTimeout='30']
      SELECT COALESCE(sum(j."Debit"), 0.0)
      FROM "JournalEntries" AS j
      INNER JOIN (
          SELECT j0."Id", j0."IsDelete", j0."ReferenceType", j0."VoucherDate"
          FROM "JournalVouchers" AS j0
          WHERE NOT (j0."IsDelete") AND (@ef_filter__p2 OR j0."ComId" = @ef_filter__CurrentComId OR j0."ComId" IS NULL)
      ) AS j1 ON j."JournalVoucherId" = j1."Id"
      INNER JOIN (
          SELECT a."Id", a."AccountCategoryId", a."AccountType"
          FROM "AccountHeads" AS a
          WHERE NOT (a."IsDelete") AND (@ef_filter__p2 OR a."ComId" = @ef_filter__CurrentComId OR a."ComId" IS NULL)
      ) AS a0 ON j."AccountHeadId" = a0."Id"
      INNER JOIN (
          SELECT a1."Id", a1."Name"
          FROM "AccountCategories" AS a1
          WHERE NOT (a1."IsDelete") AND (@ef_filter__p2 OR a1."ComId" = @ef_filter__CurrentComId OR a1."ComId" IS NULL)
      ) AS a2 ON a0."AccountCategoryId" = a2."Id"
      WHERE NOT (j."IsDelete") AND (@ef_filter__p2 OR j."ComId" = @ef_filter__CurrentComId OR j."ComId" IS NULL) AND j1."VoucherDate" >= @start AND j1."VoucherDate" < @end AND NOT (j."IsDelete") AND NOT (j1."IsDelete") AND (a2."Name" = 'Expense' OR a0."AccountType" = 'Expense') AND j1."ReferenceType" <> 'Sale' AND j1."ReferenceType" <> 'SalesReturn'
info: Microsoft.EntityFrameworkCore.Database.Command[20101]
      Executed DbCommand (2ms) [Parameters=[@ef_filter__p2='?' (DbType = Boolean), @ef_filter__CurrentComId='?' (DbType = Int32), @start='?' (DbType = DateTime), @end='?' (DbType = DateTime)], CommandType='Text', CommandTimeout='30']
      SELECT count(*)::int
      FROM (
          SELECT DISTINCT j."JournalVoucherId"
          FROM "JournalEntries" AS j
          INNER JOIN (
              SELECT j0."Id", j0."IsDelete", j0."ReferenceType", j0."VoucherDate"
              FROM "JournalVouchers" AS j0
              WHERE NOT (j0."IsDelete") AND (@ef_filter__p2 OR j0."ComId" = @ef_filter__CurrentComId OR j0."ComId" IS NULL)
          ) AS j1 ON j."JournalVoucherId" = j1."Id"
          INNER JOIN (
              SELECT a."Id", a."AccountCategoryId", a."AccountType"
              FROM "AccountHeads" AS a
              WHERE NOT (a."IsDelete") AND (@ef_filter__p2 OR a."ComId" = @ef_filter__CurrentComId OR a."ComId" IS NULL)
          ) AS a0 ON j."AccountHeadId" = a0."Id"
          INNER JOIN (
              SELECT a1."Id", a1."Name"
              FROM "AccountCategories" AS a1
              WHERE NOT (a1."IsDelete") AND (@ef_filter__p2 OR a1."ComId" = @ef_filter__CurrentComId OR a1."ComId" IS NULL)
          ) AS a2 ON a0."AccountCategoryId" = a2."Id"
          WHERE NOT (j."IsDelete") AND (@ef_filter__p2 OR j."ComId" = @ef_filter__CurrentComId OR j."ComId" IS NULL) AND j1."VoucherDate" >= @start AND j1."VoucherDate" < @end AND NOT (j."IsDelete") AND NOT (j1."IsDelete") AND (a2."Name" = 'Expense' OR a0."AccountType" = 'Expense') AND j1."ReferenceType" <> 'Sale' AND j1."ReferenceType" <> 'SalesReturn'
      ) AS s
info: Microsoft.EntityFrameworkCore.Database.Command[20101]
      Executed DbCommand (2ms) [Parameters=[@ef_filter__p2='?' (DbType = Boolean), @ef_filter__CurrentComId='?' (DbType = Int32), @start='?' (DbType = DateTime), @end='?' (DbType = DateTime)], CommandType='Text', CommandTimeout='30']
      SELECT COALESCE(sum(j."Debit"), 0.0)
      FROM "JournalEntries" AS j
      INNER JOIN (
          SELECT j0."Id", j0."IsDelete", j0."ReferenceType", j0."VoucherDate"
          FROM "JournalVouchers" AS j0
          WHERE NOT (j0."IsDelete") AND (@ef_filter__p2 OR j0."ComId" = @ef_filter__CurrentComId OR j0."ComId" IS NULL)
      ) AS j1 ON j."JournalVoucherId" = j1."Id"
      INNER JOIN (
          SELECT a."Id", a."Name"
          FROM "AccountHeads" AS a
          WHERE NOT (a."IsDelete") AND (@ef_filter__p2 OR a."ComId" = @ef_filter__CurrentComId OR a."ComId" IS NULL)
      ) AS a0 ON j."AccountHeadId" = a0."Id"
      WHERE NOT (j."IsDelete") AND (@ef_filter__p2 OR j."ComId" = @ef_filter__CurrentComId OR j."ComId" IS NULL) AND j1."VoucherDate" >= @start AND j1."VoucherDate" < @end AND NOT (j."IsDelete") AND NOT (j1."IsDelete") AND j1."ReferenceType" = 'Sale' AND a0."Name" = 'Cost of Goods Sold'
info: Microsoft.EntityFrameworkCore.Database.Command[20101]
      Executed DbCommand (1ms) [Parameters=[@ef_filter__p2='?' (DbType = Boolean), @ef_filter__CurrentComId='?' (DbType = Int32), @start='?' (DbType = DateTime), @end='?' (DbType = DateTime)], CommandType='Text', CommandTimeout='30']
      SELECT COALESCE(sum(j."Debit"), 0.0)
      FROM "JournalEntries" AS j
      INNER JOIN (
          SELECT j0."Id", j0."IsDelete", j0."ReferenceType", j0."VoucherDate"
          FROM "JournalVouchers" AS j0
          WHERE NOT (j0."IsDelete") AND (@ef_filter__p2 OR j0."ComId" = @ef_filter__CurrentComId OR j0."ComId" IS NULL)
      ) AS j1 ON j."JournalVoucherId" = j1."Id"
      INNER JOIN (
          SELECT a."Id", a."AccountType"
          FROM "AccountHeads" AS a
          WHERE NOT (a."IsDelete") AND (@ef_filter__p2 OR a."ComId" = @ef_filter__CurrentComId OR a."ComId" IS NULL)
      ) AS a0 ON j."AccountHeadId" = a0."Id"
      WHERE NOT (j."IsDelete") AND (@ef_filter__p2 OR j."ComId" = @ef_filter__CurrentComId OR j."ComId" IS NULL) AND j1."VoucherDate" >= @start AND j1."VoucherDate" < @end AND NOT (j."IsDelete") AND NOT (j1."IsDelete") AND a0."AccountType" IN ('Cash', 'Bank') AND j."Debit" > 0.0 AND j1."ReferenceType" <> 'Contra'
info: Microsoft.EntityFrameworkCore.Database.Command[20101]
      Executed DbCommand (1ms) [Parameters=[@ef_filter__p2='?' (DbType = Boolean), @ef_filter__CurrentComId='?' (DbType = Int32), @start='?' (DbType = DateTime), @end='?' (DbType = DateTime)], CommandType='Text', CommandTimeout='30']
      SELECT COALESCE(sum(j."Credit"), 0.0)
      FROM "JournalEntries" AS j
      INNER JOIN (
          SELECT j0."Id", j0."IsDelete", j0."ReferenceType", j0."VoucherDate"
          FROM "JournalVouchers" AS j0
          WHERE NOT (j0."IsDelete") AND (@ef_filter__p2 OR j0."ComId" = @ef_filter__CurrentComId OR j0."ComId" IS NULL)
      ) AS j1 ON j."JournalVoucherId" = j1."Id"
      INNER JOIN (
          SELECT a."Id", a."AccountType"
          FROM "AccountHeads" AS a
          WHERE NOT (a."IsDelete") AND (@ef_filter__p2 OR a."ComId" = @ef_filter__CurrentComId OR a."ComId" IS NULL)
      ) AS a0 ON j."AccountHeadId" = a0."Id"
      WHERE NOT (j."IsDelete") AND (@ef_filter__p2 OR j."ComId" = @ef_filter__CurrentComId OR j."ComId" IS NULL) AND j1."VoucherDate" >= @start AND j1."VoucherDate" < @end AND NOT (j."IsDelete") AND NOT (j1."IsDelete") AND a0."AccountType" IN ('Cash', 'Bank') AND j."Credit" > 0.0 AND j1."ReferenceType" <> 'Contra'
info: Microsoft.EntityFrameworkCore.Database.Command[20101]
      Executed DbCommand (1ms) [Parameters=[@ef_filter__p2='?' (DbType = Boolean), @ef_filter__CurrentComId='?' (DbType = Int32)], CommandType='Text', CommandTimeout='30']
      SELECT count(*)::int
      FROM "Contacts" AS c
      WHERE NOT (c."IsDelete") AND (@ef_filter__p2 OR c."ComId" = @ef_filter__CurrentComId OR c."ComId" IS NULL) AND c."IsCustomer" AND NOT (c."IsDelete")
info: Microsoft.EntityFrameworkCore.Database.Command[20101]
      Executed DbCommand (1ms) [Parameters=[@ef_filter__p2='?' (DbType = Boolean), @ef_filter__CurrentComId='?' (DbType = Int32)], CommandType='Text', CommandTimeout='30']
      SELECT a."Name", a."AccountType", a."CurrentBalance" AS "Balance"
      FROM "AccountHeads" AS a
      WHERE NOT (a."IsDelete") AND (@ef_filter__p2 OR a."ComId" = @ef_filter__CurrentComId OR a."ComId" IS NULL) AND a."AccountType" IN ('Cash', 'Bank') AND NOT (a."IsDelete")
info: Microsoft.EntityFrameworkCore.Database.Command[20101]
      Executed DbCommand (1ms) [Parameters=[@ef_filter__p2='?' (DbType = Boolean), @ef_filter__CurrentComId='?' (DbType = Int32), @trendStart='?' (DbType = DateTime), @end='?' (DbType = DateTime)], CommandType='Text', CommandTimeout='30']
      SELECT s0."Key" AS "Date", COALESCE(sum(s0."NetTotal"), 0.0) AS "Amount"
      FROM (
          SELECT s."NetTotal", date_trunc('day', s."SalesDate", 'UTC') AS "Key"
          FROM "SalesInvoices" AS s
          WHERE NOT (s."IsDelete") AND (@ef_filter__p2 OR s."ComId" = @ef_filter__CurrentComId OR s."ComId" IS NULL) AND s."SalesDate" >= @trendStart AND s."SalesDate" < @end AND NOT (s."IsDelete")
      ) AS s0
      GROUP BY s0."Key"
info: Microsoft.EntityFrameworkCore.Database.Command[20101]
      Executed DbCommand (1ms) [Parameters=[@ef_filter__p2='?' (DbType = Boolean), @ef_filter__CurrentComId='?' (DbType = Int32), @p='?' (DbType = Int32)], CommandType='Text', CommandTimeout='30']
      SELECT m0."Brand", count(*)::int AS "Count", COALESCE(sum(i."CostPrice"), 0.0) AS "Value"
      FROM "Inventory" AS i
      LEFT JOIN (
          SELECT m."Id", m."Brand"
          FROM "MobileDevices" AS m
          WHERE NOT (m."IsDelete") AND (@ef_filter__p2 OR m."ComId" = @ef_filter__CurrentComId OR m."ComId" IS NULL)
      ) AS m0 ON i."MobileDeviceId" = m0."Id"
      WHERE NOT (i."IsDelete") AND (@ef_filter__p2 OR i."ComId" = @ef_filter__CurrentComId OR i."ComId" IS NULL) AND NOT (i."IsSold") AND NOT (i."IsDelete") AND i."MobileDeviceId" IS NOT NULL
      GROUP BY m0."Brand"
      ORDER BY count(*)::int DESC
      LIMIT @p
info: Microsoft.EntityFrameworkCore.Database.Command[20101]
      Executed DbCommand (1ms) [Parameters=[@ef_filter__p2='?' (DbType = Boolean), @ef_filter__CurrentComId='?' (DbType = Int32), @p='?' (DbType = Int32)], CommandType='Text', CommandTimeout='30']
      SELECT s."InvoiceNo", s."SalesDate", s."NetTotal", (
          SELECT c."Name"
          FROM "Contacts" AS c
          WHERE NOT (c."IsDelete") AND (@ef_filter__p2 OR c."ComId" = @ef_filter__CurrentComId OR c."ComId" IS NULL) AND c."Id" = s."CustomerId"
          LIMIT 1) AS "CustomerName"
      FROM "SalesInvoices" AS s
      WHERE NOT (s."IsDelete") AND (@ef_filter__p2 OR s."ComId" = @ef_filter__CurrentComId OR s."ComId" IS NULL) AND NOT (s."IsDelete")
      ORDER BY s."SalesDate" DESC
      LIMIT @p
info: Microsoft.EntityFrameworkCore.Database.Command[20101]
      Executed DbCommand (1ms) [Parameters=[@ef_filter__p2='?' (DbType = Boolean), @ef_filter__CurrentComId='?' (DbType = Int32), @p='?' (DbType = Int32)], CommandType='Text', CommandTimeout='30']
      SELECT e."VoucherNo", e."ExpenseDate", e."TotalAmount", e."Remarks" AS "Description"
      FROM "ExpenseVouchers" AS e
      WHERE NOT (e."IsDelete") AND (@ef_filter__p2 OR e."ComId" = @ef_filter__CurrentComId OR e."ComId" IS NULL) AND NOT (e."IsDelete")
      ORDER BY e."ExpenseDate" DESC
      LIMIT @p
info: Microsoft.EntityFrameworkCore.Database.Command[20101]
      Executed DbCommand (2ms) [Parameters=[@id='?' (DbType = Int32), @ef_filter__p2='?' (DbType = Boolean), @ef_filter__CurrentComId='?' (DbType = Int32)], CommandType='Text', CommandTimeout='30']
      SELECT c0."Id", c0."Address", c0."CreateDate", c0."Email", c0."HeaderImagePath", c0."IsActive", c0."IsDelete", c0."IsServiceChargeEnabled", c0."IsVatEnabled", c0."IsVerified", c0."LogoPath", c0."LuserId", c0."LuserIdUpdate", c0."Name", c0."Phone", c0."PlanType", c0."ResellerId", c0."ServiceChargePercentage", c0."SubscriptionExpiryDate", c0."TermsAndConditions", c0."UpdateDate", c0."VatPercentage", c0."VerificationOtp", b0."Id", b0."Address", b0."ComId", b0."CompanyId", b0."CreateDate", b0."IsDelete", b0."IsMainBranch", b0."LuserId", b0."LuserIdUpdate", b0."Name", b0."Phone", b0."UpdateDate"
      FROM (
          SELECT c."Id", c."Address", c."CreateDate", c."Email", c."HeaderImagePath", c."IsActive", c."IsDelete", c."IsServiceChargeEnabled", c."IsVatEnabled", c."IsVerified", c."LogoPath", c."LuserId", c."LuserIdUpdate", c."Name", c."Phone", c."PlanType", c."ResellerId", c."ServiceChargePercentage", c."SubscriptionExpiryDate", c."TermsAndConditions", c."UpdateDate", c."VatPercentage", c."VerificationOtp"
          FROM "Companies" AS c
          WHERE NOT (c."IsDelete") AND c."Id" = @id
          LIMIT 1
      ) AS c0
      LEFT JOIN (
          SELECT b."Id", b."Address", b."ComId", b."CompanyId", b."CreateDate", b."IsDelete", b."IsMainBranch", b."LuserId", b."LuserIdUpdate", b."Name", b."Phone", b."UpdateDate"
          FROM "Branches" AS b
          WHERE NOT (b."IsDelete") AND (@ef_filter__p2 OR b."ComId" = @ef_filter__CurrentComId OR b."ComId" IS NULL)
      ) AS b0 ON c0."Id" = b0."CompanyId"
      ORDER BY c0."Id"
info: Microsoft.EntityFrameworkCore.Database.Command[20101]
      Executed DbCommand (2ms) [Parameters=[@id='?' (DbType = Int32), @ef_filter__p2='?' (DbType = Boolean), @ef_filter__CurrentComId='?' (DbType = Int32)], CommandType='Text', CommandTimeout='30']
      SELECT c0."Id", c0."Address", c0."CreateDate", c0."Email", c0."HeaderImagePath", c0."IsActive", c0."IsDelete", c0."IsServiceChargeEnabled", c0."IsVatEnabled", c0."IsVerified", c0."LogoPath", c0."LuserId", c0."LuserIdUpdate", c0."Name", c0."Phone", c0."PlanType", c0."ResellerId", c0."ServiceChargePercentage", c0."SubscriptionExpiryDate", c0."TermsAndConditions", c0."UpdateDate", c0."VatPercentage", c0."VerificationOtp", b0."Id", b0."Address", b0."ComId", b0."CompanyId", b0."CreateDate", b0."IsDelete", b0."IsMainBranch", b0."LuserId", b0."LuserIdUpdate", b0."Name", b0."Phone", b0."UpdateDate"
      FROM (
          SELECT c."Id", c."Address", c."CreateDate", c."Email", c."HeaderImagePath", c."IsActive", c."IsDelete", c."IsServiceChargeEnabled", c."IsVatEnabled", c."IsVerified", c."LogoPath", c."LuserId", c."LuserIdUpdate", c."Name", c."Phone", c."PlanType", c."ResellerId", c."ServiceChargePercentage", c."SubscriptionExpiryDate", c."TermsAndConditions", c."UpdateDate", c."VatPercentage", c."VerificationOtp"
          FROM "Companies" AS c
          WHERE NOT (c."IsDelete") AND c."Id" = @id
          LIMIT 1
      ) AS c0
      LEFT JOIN (
          SELECT b."Id", b."Address", b."ComId", b."CompanyId", b."CreateDate", b."IsDelete", b."IsMainBranch", b."LuserId", b."LuserIdUpdate", b."Name", b."Phone", b."UpdateDate"
          FROM "Branches" AS b
          WHERE NOT (b."IsDelete") AND (@ef_filter__p2 OR b."ComId" = @ef_filter__CurrentComId OR b."ComId" IS NULL)
      ) AS b0 ON c0."Id" = b0."CompanyId"
      ORDER BY c0."Id"
info: Microsoft.EntityFrameworkCore.Database.Command[20101]
      Executed DbCommand (1ms) [Parameters=[@id='?' (DbType = Int32), @ef_filter__p2='?' (DbType = Boolean), @ef_filter__CurrentComId='?' (DbType = Int32)], CommandType='Text', CommandTimeout='30']
      SELECT c0."Id", c0."Address", c0."CreateDate", c0."Email", c0."HeaderImagePath", c0."IsActive", c0."IsDelete", c0."IsServiceChargeEnabled", c0."IsVatEnabled", c0."IsVerified", c0."LogoPath", c0."LuserId", c0."LuserIdUpdate", c0."Name", c0."Phone", c0."PlanType", c0."ResellerId", c0."ServiceChargePercentage", c0."SubscriptionExpiryDate", c0."TermsAndConditions", c0."UpdateDate", c0."VatPercentage", c0."VerificationOtp", b0."Id", b0."Address", b0."ComId", b0."CompanyId", b0."CreateDate", b0."IsDelete", b0."IsMainBranch", b0."LuserId", b0."LuserIdUpdate", b0."Name", b0."Phone", b0."UpdateDate"
      FROM (
          SELECT c."Id", c."Address", c."CreateDate", c."Email", c."HeaderImagePath", c."IsActive", c."IsDelete", c."IsServiceChargeEnabled", c."IsVatEnabled", c."IsVerified", c."LogoPath", c."LuserId", c."LuserIdUpdate", c."Name", c."Phone", c."PlanType", c."ResellerId", c."ServiceChargePercentage", c."SubscriptionExpiryDate", c."TermsAndConditions", c."UpdateDate", c."VatPercentage", c."VerificationOtp"
          FROM "Companies" AS c
          WHERE NOT (c."IsDelete") AND c."Id" = @id
          LIMIT 1
      ) AS c0
      LEFT JOIN (
          SELECT b."Id", b."Address", b."ComId", b."CompanyId", b."CreateDate", b."IsDelete", b."IsMainBranch", b."LuserId", b."LuserIdUpdate", b."Name", b."Phone", b."UpdateDate"
          FROM "Branches" AS b
          WHERE NOT (b."IsDelete") AND (@ef_filter__p2 OR b."ComId" = @ef_filter__CurrentComId OR b."ComId" IS NULL)
      ) AS b0 ON c0."Id" = b0."CompanyId"
      ORDER BY c0."Id"
info: Microsoft.EntityFrameworkCore.Database.Command[20101]
      Executed DbCommand (1ms) [Parameters=[@id='?' (DbType = Int32), @ef_filter__p2='?' (DbType = Boolean), @ef_filter__CurrentComId='?' (DbType = Int32)], CommandType='Text', CommandTimeout='30']
      SELECT c0."Id", c0."Address", c0."CreateDate", c0."Email", c0."HeaderImagePath", c0."IsActive", c0."IsDelete", c0."IsServiceChargeEnabled", c0."IsVatEnabled", c0."IsVerified", c0."LogoPath", c0."LuserId", c0."LuserIdUpdate", c0."Name", c0."Phone", c0."PlanType", c0."ResellerId", c0."ServiceChargePercentage", c0."SubscriptionExpiryDate", c0."TermsAndConditions", c0."UpdateDate", c0."VatPercentage", c0."VerificationOtp", b0."Id", b0."Address", b0."ComId", b0."CompanyId", b0."CreateDate", b0."IsDelete", b0."IsMainBranch", b0."LuserId", b0."LuserIdUpdate", b0."Name", b0."Phone", b0."UpdateDate"
      FROM (
          SELECT c."Id", c."Address", c."CreateDate", c."Email", c."HeaderImagePath", c."IsActive", c."IsDelete", c."IsServiceChargeEnabled", c."IsVatEnabled", c."IsVerified", c."LogoPath", c."LuserId", c."LuserIdUpdate", c."Name", c."Phone", c."PlanType", c."ResellerId", c."ServiceChargePercentage", c."SubscriptionExpiryDate", c."TermsAndConditions", c."UpdateDate", c."VatPercentage", c."VerificationOtp"
          FROM "Companies" AS c
          WHERE NOT (c."IsDelete") AND c."Id" = @id
          LIMIT 1
      ) AS c0
      LEFT JOIN (
          SELECT b."Id", b."Address", b."ComId", b."CompanyId", b."CreateDate", b."IsDelete", b."IsMainBranch", b."LuserId", b."LuserIdUpdate", b."Name", b."Phone", b."UpdateDate"
          FROM "Branches" AS b
          WHERE NOT (b."IsDelete") AND (@ef_filter__p2 OR b."ComId" = @ef_filter__CurrentComId OR b."ComId" IS NULL)
      ) AS b0 ON c0."Id" = b0."CompanyId"
      ORDER BY c0."Id"
info: Microsoft.EntityFrameworkCore.Database.Command[20101]
      Executed DbCommand (1ms) [Parameters=[], CommandType='Text', CommandTimeout='30']
      SELECT count(*)::int
      FROM "Users" AS u
      WHERE NOT (u."IsDelete") AND u."Role" = 'Reseller'
info: Microsoft.EntityFrameworkCore.Database.Command[20101]
      Executed DbCommand (1ms) [Parameters=[], CommandType='Text', CommandTimeout='30']
      SELECT COALESCE(sum(r."Quantity"), 0)::int
      FROM "ResellerTransactions" AS r
      WHERE NOT (r."IsDelete")
info: Microsoft.EntityFrameworkCore.Database.Command[20101]
      Executed DbCommand (0ms) [Parameters=[], CommandType='Text', CommandTimeout='30']
      SELECT count(*)::int
      FROM "Companies" AS c
      WHERE NOT (c."IsDelete") AND c."ResellerId" IS NOT NULL AND c."IsActive"
info: Microsoft.EntityFrameworkCore.Database.Command[20101]
      Executed DbCommand (1ms) [Parameters=[], CommandType='Text', CommandTimeout='30']
      SELECT u."Id", u."FullName", u."Email", u."PromoCode", u."AvailableCopies", (
          SELECT COALESCE(sum(r."Quantity"), 0)::int
          FROM "ResellerTransactions" AS r
          WHERE NOT (r."IsDelete") AND r."ResellerId" = u."Id") AS "TotalAllocated", (
          SELECT count(*)::int
          FROM "Companies" AS c
          WHERE NOT (c."IsDelete") AND c."ResellerId" = u."Id" AND c."IsActive") AS "ActivatedCount", (
          SELECT count(*)::int
          FROM "Companies" AS c0
          WHERE NOT (c0."IsDelete") AND c0."ResellerId" = u."Id" AND NOT (c0."IsActive")) AS "PendingCount", (
          SELECT count(*)::int
          FROM "Users" AS u0
          WHERE NOT (u0."IsDelete") AND EXISTS (
              SELECT 1
              FROM "Companies" AS c1
              WHERE NOT (c1."IsDelete") AND c1."ResellerId" = u."Id" AND c1."Id" = u0."ComId")) AS "TotalUsers"
      FROM "Users" AS u
      WHERE NOT (u."IsDelete") AND u."Role" = 'Reseller'
info: Microsoft.EntityFrameworkCore.Database.Command[20101]
      Executed DbCommand (0ms) [Parameters=[], CommandType='Text', CommandTimeout='30']
      SELECT COALESCE(sum(u."AvailableCopies"), 0)::int
      FROM "Users" AS u
      WHERE NOT (u."IsDelete") AND u."Role" = 'Reseller'
info: Microsoft.EntityFrameworkCore.Database.Command[20101]
      Executed DbCommand (0ms) [Parameters=[], CommandType='Text', CommandTimeout='30']
      SELECT count(*)::int
      FROM "Users" AS u
      WHERE NOT (u."IsDelete") AND u."Role" = 'Reseller'
info: Microsoft.EntityFrameworkCore.Database.Command[20101]
      Executed DbCommand (0ms) [Parameters=[], CommandType='Text', CommandTimeout='30']
      SELECT COALESCE(sum(r."Quantity"), 0)::int
      FROM "ResellerTransactions" AS r
      WHERE NOT (r."IsDelete")
info: Microsoft.EntityFrameworkCore.Database.Command[20101]
      Executed DbCommand (0ms) [Parameters=[], CommandType='Text', CommandTimeout='30']
      SELECT count(*)::int
      FROM "Companies" AS c
      WHERE NOT (c."IsDelete") AND c."ResellerId" IS NOT NULL AND c."IsActive"
info: Microsoft.EntityFrameworkCore.Database.Command[20101]
      Executed DbCommand (1ms) [Parameters=[], CommandType='Text', CommandTimeout='30']
      SELECT u."Id", u."FullName", u."Email", u."PromoCode", u."AvailableCopies", (
          SELECT COALESCE(sum(r."Quantity"), 0)::int
          FROM "ResellerTransactions" AS r
          WHERE NOT (r."IsDelete") AND r."ResellerId" = u."Id") AS "TotalAllocated", (
          SELECT count(*)::int
          FROM "Companies" AS c
          WHERE NOT (c."IsDelete") AND c."ResellerId" = u."Id" AND c."IsActive") AS "ActivatedCount", (
          SELECT count(*)::int
          FROM "Companies" AS c0
          WHERE NOT (c0."IsDelete") AND c0."ResellerId" = u."Id" AND NOT (c0."IsActive")) AS "PendingCount", (
          SELECT count(*)::int
          FROM "Users" AS u0
          WHERE NOT (u0."IsDelete") AND EXISTS (
              SELECT 1
              FROM "Companies" AS c1
              WHERE NOT (c1."IsDelete") AND c1."ResellerId" = u."Id" AND c1."Id" = u0."ComId")) AS "TotalUsers"
      FROM "Users" AS u
      WHERE NOT (u."IsDelete") AND u."Role" = 'Reseller'
info: Microsoft.EntityFrameworkCore.Database.Command[20101]
      Executed DbCommand (0ms) [Parameters=[], CommandType='Text', CommandTimeout='30']
      SELECT COALESCE(sum(u."AvailableCopies"), 0)::int
      FROM "Users" AS u
      WHERE NOT (u."IsDelete") AND u."Role" = 'Reseller'
info: Microsoft.EntityFrameworkCore.Database.Command[20101]
      Executed DbCommand (1ms) [Parameters=[], CommandType='Text', CommandTimeout='30']
      SELECT count(*)::int
      FROM "Users" AS u
      WHERE NOT (u."IsDelete") AND u."Role" = 'Reseller'
info: Microsoft.EntityFrameworkCore.Database.Command[20101]
      Executed DbCommand (0ms) [Parameters=[], CommandType='Text', CommandTimeout='30']
      SELECT COALESCE(sum(r."Quantity"), 0)::int
      FROM "ResellerTransactions" AS r
      WHERE NOT (r."IsDelete")
info: Microsoft.EntityFrameworkCore.Database.Command[20101]
      Executed DbCommand (1ms) [Parameters=[], CommandType='Text', CommandTimeout='30']
      SELECT u."Id", u."FullName", u."Email", u."PromoCode", u."AvailableCopies", (
          SELECT COALESCE(sum(r."Quantity"), 0)::int
          FROM "ResellerTransactions" AS r
          WHERE NOT (r."IsDelete") AND r."ResellerId" = u."Id") AS "TotalAllocated", (
          SELECT count(*)::int
          FROM "Companies" AS c
          WHERE NOT (c."IsDelete") AND c."ResellerId" = u."Id" AND c."IsActive") AS "ActivatedCount", (
          SELECT count(*)::int
          FROM "Companies" AS c0
          WHERE NOT (c0."IsDelete") AND c0."ResellerId" = u."Id" AND NOT (c0."IsActive")) AS "PendingCount", (
          SELECT count(*)::int
          FROM "Users" AS u0
          WHERE NOT (u0."IsDelete") AND EXISTS (
              SELECT 1
              FROM "Companies" AS c1
              WHERE NOT (c1."IsDelete") AND c1."ResellerId" = u."Id" AND c1."Id" = u0."ComId")) AS "TotalUsers"
      FROM "Users" AS u
      WHERE NOT (u."IsDelete") AND u."Role" = 'Reseller'
info: Microsoft.EntityFrameworkCore.Database.Command[20101]
      Executed DbCommand (0ms) [Parameters=[], CommandType='Text', CommandTimeout='30']
      SELECT count(*)::int
      FROM "Companies" AS c
      WHERE NOT (c."IsDelete") AND c."ResellerId" IS NOT NULL AND c."IsActive"
info: Microsoft.EntityFrameworkCore.Database.Command[20101]
      Executed DbCommand (0ms) [Parameters=[], CommandType='Text', CommandTimeout='30']
      SELECT COALESCE(sum(u."AvailableCopies"), 0)::int
      FROM "Users" AS u
      WHERE NOT (u."IsDelete") AND u."Role" = 'Reseller'
info: Microsoft.EntityFrameworkCore.Database.Command[20101]
      Executed DbCommand (0ms) [Parameters=[], CommandType='Text', CommandTimeout='30']
      SELECT count(*)::int
      FROM "Users" AS u
      WHERE NOT (u."IsDelete") AND u."Role" = 'Reseller'
info: Microsoft.EntityFrameworkCore.Database.Command[20101]
      Executed DbCommand (0ms) [Parameters=[], CommandType='Text', CommandTimeout='30']
      SELECT COALESCE(sum(r."Quantity"), 0)::int
      FROM "ResellerTransactions" AS r
      WHERE NOT (r."IsDelete")
info: Microsoft.EntityFrameworkCore.Database.Command[20101]
      Executed DbCommand (1ms) [Parameters=[], CommandType='Text', CommandTimeout='30']
      SELECT u."Id", u."FullName", u."Email", u."PromoCode", u."AvailableCopies", (
          SELECT COALESCE(sum(r."Quantity"), 0)::int
          FROM "ResellerTransactions" AS r
          WHERE NOT (r."IsDelete") AND r."ResellerId" = u."Id") AS "TotalAllocated", (
          SELECT count(*)::int
          FROM "Companies" AS c
          WHERE NOT (c."IsDelete") AND c."ResellerId" = u."Id" AND c."IsActive") AS "ActivatedCount", (
          SELECT count(*)::int
          FROM "Companies" AS c0
          WHERE NOT (c0."IsDelete") AND c0."ResellerId" = u."Id" AND NOT (c0."IsActive")) AS "PendingCount", (
          SELECT count(*)::int
          FROM "Users" AS u0
          WHERE NOT (u0."IsDelete") AND EXISTS (
              SELECT 1
              FROM "Companies" AS c1
              WHERE NOT (c1."IsDelete") AND c1."ResellerId" = u."Id" AND c1."Id" = u0."ComId")) AS "TotalUsers"
      FROM "Users" AS u
      WHERE NOT (u."IsDelete") AND u."Role" = 'Reseller'
info: Microsoft.EntityFrameworkCore.Database.Command[20101]
      Executed DbCommand (0ms) [Parameters=[], CommandType='Text', CommandTimeout='30']
      SELECT count(*)::int
      FROM "Companies" AS c
      WHERE NOT (c."IsDelete") AND c."ResellerId" IS NOT NULL AND c."IsActive"
info: Microsoft.EntityFrameworkCore.Database.Command[20101]
      Executed DbCommand (0ms) [Parameters=[], CommandType='Text', CommandTimeout='30']
      SELECT COALESCE(sum(u."AvailableCopies"), 0)::int
      FROM "Users" AS u
      WHERE NOT (u."IsDelete") AND u."Role" = 'Reseller'
info: Microsoft.EntityFrameworkCore.Database.Command[20101]
      Executed DbCommand (1ms) [Parameters=[@id='?' (DbType = Int32), @ef_filter__p2='?' (DbType = Boolean), @ef_filter__CurrentComId='?' (DbType = Int32)], CommandType='Text', CommandTimeout='30']
      SELECT c0."Id", c0."Address", c0."CreateDate", c0."Email", c0."HeaderImagePath", c0."IsActive", c0."IsDelete", c0."IsServiceChargeEnabled", c0."IsVatEnabled", c0."IsVerified", c0."LogoPath", c0."LuserId", c0."LuserIdUpdate", c0."Name", c0."Phone", c0."PlanType", c0."ResellerId", c0."ServiceChargePercentage", c0."SubscriptionExpiryDate", c0."TermsAndConditions", c0."UpdateDate", c0."VatPercentage", c0."VerificationOtp", b0."Id", b0."Address", b0."ComId", b0."CompanyId", b0."CreateDate", b0."IsDelete", b0."IsMainBranch", b0."LuserId", b0."LuserIdUpdate", b0."Name", b0."Phone", b0."UpdateDate"
      FROM (
          SELECT c."Id", c."Address", c."CreateDate", c."Email", c."HeaderImagePath", c."IsActive", c."IsDelete", c."IsServiceChargeEnabled", c."IsVatEnabled", c."IsVerified", c."LogoPath", c."LuserId", c."LuserIdUpdate", c."Name", c."Phone", c."PlanType", c."ResellerId", c."ServiceChargePercentage", c."SubscriptionExpiryDate", c."TermsAndConditions", c."UpdateDate", c."VatPercentage", c."VerificationOtp"
          FROM "Companies" AS c
          WHERE NOT (c."IsDelete") AND c."Id" = @id
          LIMIT 1
      ) AS c0
      LEFT JOIN (
          SELECT b."Id", b."Address", b."ComId", b."CompanyId", b."CreateDate", b."IsDelete", b."IsMainBranch", b."LuserId", b."LuserIdUpdate", b."Name", b."Phone", b."UpdateDate"
          FROM "Branches" AS b
          WHERE NOT (b."IsDelete") AND (@ef_filter__p2 OR b."ComId" = @ef_filter__CurrentComId OR b."ComId" IS NULL)
      ) AS b0 ON c0."Id" = b0."CompanyId"
      ORDER BY c0."Id"
info: Microsoft.EntityFrameworkCore.Database.Command[20101]
      Executed DbCommand (1ms) [Parameters=[@id='?' (DbType = Int32), @ef_filter__p2='?' (DbType = Boolean), @ef_filter__CurrentComId='?' (DbType = Int32)], CommandType='Text', CommandTimeout='30']
      SELECT c0."Id", c0."Address", c0."CreateDate", c0."Email", c0."HeaderImagePath", c0."IsActive", c0."IsDelete", c0."IsServiceChargeEnabled", c0."IsVatEnabled", c0."IsVerified", c0."LogoPath", c0."LuserId", c0."LuserIdUpdate", c0."Name", c0."Phone", c0."PlanType", c0."ResellerId", c0."ServiceChargePercentage", c0."SubscriptionExpiryDate", c0."TermsAndConditions", c0."UpdateDate", c0."VatPercentage", c0."VerificationOtp", b0."Id", b0."Address", b0."ComId", b0."CompanyId", b0."CreateDate", b0."IsDelete", b0."IsMainBranch", b0."LuserId", b0."LuserIdUpdate", b0."Name", b0."Phone", b0."UpdateDate"
      FROM (
          SELECT c."Id", c."Address", c."CreateDate", c."Email", c."HeaderImagePath", c."IsActive", c."IsDelete", c."IsServiceChargeEnabled", c."IsVatEnabled", c."IsVerified", c."LogoPath", c."LuserId", c."LuserIdUpdate", c."Name", c."Phone", c."PlanType", c."ResellerId", c."ServiceChargePercentage", c."SubscriptionExpiryDate", c."TermsAndConditions", c."UpdateDate", c."VatPercentage", c."VerificationOtp"
          FROM "Companies" AS c
          WHERE NOT (c."IsDelete") AND c."Id" = @id
          LIMIT 1
      ) AS c0
      LEFT JOIN (
          SELECT b."Id", b."Address", b."ComId", b."CompanyId", b."CreateDate", b."IsDelete", b."IsMainBranch", b."LuserId", b."LuserIdUpdate", b."Name", b."Phone", b."UpdateDate"
          FROM "Branches" AS b
          WHERE NOT (b."IsDelete") AND (@ef_filter__p2 OR b."ComId" = @ef_filter__CurrentComId OR b."ComId" IS NULL)
      ) AS b0 ON c0."Id" = b0."CompanyId"
      ORDER BY c0."Id"
info: Microsoft.EntityFrameworkCore.Database.Command[20101]
      Executed DbCommand (1ms) [Parameters=[@id='?' (DbType = Int32), @ef_filter__p2='?' (DbType = Boolean), @ef_filter__CurrentComId='?' (DbType = Int32)], CommandType='Text', CommandTimeout='30']
      SELECT c0."Id", c0."Address", c0."CreateDate", c0."Email", c0."HeaderImagePath", c0."IsActive", c0."IsDelete", c0."IsServiceChargeEnabled", c0."IsVatEnabled", c0."IsVerified", c0."LogoPath", c0."LuserId", c0."LuserIdUpdate", c0."Name", c0."Phone", c0."PlanType", c0."ResellerId", c0."ServiceChargePercentage", c0."SubscriptionExpiryDate", c0."TermsAndConditions", c0."UpdateDate", c0."VatPercentage", c0."VerificationOtp", b0."Id", b0."Address", b0."ComId", b0."CompanyId", b0."CreateDate", b0."IsDelete", b0."IsMainBranch", b0."LuserId", b0."LuserIdUpdate", b0."Name", b0."Phone", b0."UpdateDate"
      FROM (
          SELECT c."Id", c."Address", c."CreateDate", c."Email", c."HeaderImagePath", c."IsActive", c."IsDelete", c."IsServiceChargeEnabled", c."IsVatEnabled", c."IsVerified", c."LogoPath", c."LuserId", c."LuserIdUpdate", c."Name", c."Phone", c."PlanType", c."ResellerId", c."ServiceChargePercentage", c."SubscriptionExpiryDate", c."TermsAndConditions", c."UpdateDate", c."VatPercentage", c."VerificationOtp"
          FROM "Companies" AS c
          WHERE NOT (c."IsDelete") AND c."Id" = @id
          LIMIT 1
      ) AS c0
      LEFT JOIN (
          SELECT b."Id", b."Address", b."ComId", b."CompanyId", b."CreateDate", b."IsDelete", b."IsMainBranch", b."LuserId", b."LuserIdUpdate", b."Name", b."Phone", b."UpdateDate"
          FROM "Branches" AS b
          WHERE NOT (b."IsDelete") AND (@ef_filter__p2 OR b."ComId" = @ef_filter__CurrentComId OR b."ComId" IS NULL)
      ) AS b0 ON c0."Id" = b0."CompanyId"
      ORDER BY c0."Id"
info: Microsoft.EntityFrameworkCore.Database.Command[20101]
      Executed DbCommand (1ms) [Parameters=[@id='?' (DbType = Int32), @ef_filter__p2='?' (DbType = Boolean), @ef_filter__CurrentComId='?' (DbType = Int32)], CommandType='Text', CommandTimeout='30']
      SELECT c0."Id", c0."Address", c0."CreateDate", c0."Email", c0."HeaderImagePath", c0."IsActive", c0."IsDelete", c0."IsServiceChargeEnabled", c0."IsVatEnabled", c0."IsVerified", c0."LogoPath", c0."LuserId", c0."LuserIdUpdate", c0."Name", c0."Phone", c0."PlanType", c0."ResellerId", c0."ServiceChargePercentage", c0."SubscriptionExpiryDate", c0."TermsAndConditions", c0."UpdateDate", c0."VatPercentage", c0."VerificationOtp", b0."Id", b0."Address", b0."ComId", b0."CompanyId", b0."CreateDate", b0."IsDelete", b0."IsMainBranch", b0."LuserId", b0."LuserIdUpdate", b0."Name", b0."Phone", b0."UpdateDate"
      FROM (
          SELECT c."Id", c."Address", c."CreateDate", c."Email", c."HeaderImagePath", c."IsActive", c."IsDelete", c."IsServiceChargeEnabled", c."IsVatEnabled", c."IsVerified", c."LogoPath", c."LuserId", c."LuserIdUpdate", c."Name", c."Phone", c."PlanType", c."ResellerId", c."ServiceChargePercentage", c."SubscriptionExpiryDate", c."TermsAndConditions", c."UpdateDate", c."VatPercentage", c."VerificationOtp"
          FROM "Companies" AS c
          WHERE NOT (c."IsDelete") AND c."Id" = @id
          LIMIT 1
      ) AS c0
      LEFT JOIN (
          SELECT b."Id", b."Address", b."ComId", b."CompanyId", b."CreateDate", b."IsDelete", b."IsMainBranch", b."LuserId", b."LuserIdUpdate", b."Name", b."Phone", b."UpdateDate"
          FROM "Branches" AS b
          WHERE NOT (b."IsDelete") AND (@ef_filter__p2 OR b."ComId" = @ef_filter__CurrentComId OR b."ComId" IS NULL)
      ) AS b0 ON c0."Id" = b0."CompanyId"
      ORDER BY c0."Id"
