
> mobile-erp-frontend@0.1.0 dev
> next dev

▲ Next.js 16.2.6 (Turbopack)
- Local:         http://localhost:3000
- Network:       http://192.168.68.102:3000
✓ Ready in 413ms

 GET /dashboard 200 in 640ms (next.js: 178ms, application-code: 462ms)
[browser] Dashboard load failed TypeError: Failed to fetch
    at apiFetch (src/lib/api.ts:14:26)
    at DashboardPage.useCallback[fetchDashboardData] (src/app/(protected)/dashboard/page.tsx:70:33)
    at DashboardPage.useEffect (src/app/(protected)/dashboard/page.tsx:93:5)
  12 |   };
  13 |
> 14 |   const response = await fetch(`${BASE_URL}${endpoint}`, {
     |                          ^
  15 |     ...options,
  16 |     headers,
  17 |   }); (src/app/(protected)
[browser] The width(-1) and height(-1) of chart should be greater than 0,
       please check the style of container, or the props width(100%) and height(100%),
       or add a minWidth(0) or minHeight(undefined) or use aspect(undefined) to control the
       height and width.
[browser] The width(-1) and height(-1) of chart should be greater than 0,
       please check the style of container, or the props width(100%) and height(100%),
       or add a minWidth(0) or minHeight(undefined) or use aspect(undefined) to control the
       height and width.
[browser] The width(-1) and height(-1) of chart should be greater than 0,
       please check the style of container, or the props width(100%) and height(100%),
       or add a minWidth(0) or minHeight(undefined) or use aspect(undefined) to control the
       height and width.
[browser] The width(-1) and height(-1) of chart should be greater than 0,
       please check the style of container, or the props width(100%) and height(100%),
       or add a minWidth(0) or minHeight(undefined) or use aspect(undefined) to control the
       height and width.
 GET /dashboard 200 in 93ms (next.js: 5ms, application-code: 88ms)
[browser] The width(-1) and height(-1) of chart should be greater than 0,
       please check the style of container, or the props width(100%) and height(100%),
       or add a minWidth(0) or minHeight(undefined) or use aspect(undefined) to control the
       height and width.
[browser] The width(-1) and height(-1) of chart should be greater than 0,
       please check the style of container, or the props width(100%) and height(100%),
       or add a minWidth(0) or minHeight(undefined) or use aspect(undefined) to control the
       height and width.
[browser] The width(-1) and height(-1) of chart should be greater than 0,
       please check the style of container, or the props width(100%) and height(100%),
       or add a minWidth(0) or minHeight(undefined) or use aspect(undefined) to control the
       height and width.
[browser] The width(-1) and height(-1) of chart should be greater than 0,
       please check the style of container, or the props width(100%) and height(100%),
       or add a minWidth(0) or minHeight(undefined) or use aspect(undefined) to control the
       height and width.
 GET /sales 200 in 54ms (next.js: 28ms, application-code: 26ms)
 GET /sounds/click.mp3 404 in 66ms (next.js: 26ms, application-code: 40ms)
 GET /sounds/menu-click.mp3 404 in 36ms (next.js: 3ms, application-code: 33ms)
 GET /dashboard 200 in 71ms (next.js: 11ms, application-code: 61ms)
[browser] The width(-1) and height(-1) of chart should be greater than 0,
       please check the style of container, or the props width(100%) and height(100%),
       or add a minWidth(0) or minHeight(undefined) or use aspect(undefined) to control the
       height and width.
[browser] The width(-1) and height(-1) of chart should be greater than 0,
       please check the style of container, or the props width(100%) and height(100%),
       or add a minWidth(0) or minHeight(undefined) or use aspect(undefined) to control the
       height and width.
[browser] The width(-1) and height(-1) of chart should be greater than 0,
       please check the style of container, or the props width(100%) and height(100%),
       or add a minWidth(0) or minHeight(undefined) or use aspect(undefined) to control the
       height and width.
[browser] The width(-1) and height(-1) of chart should be greater than 0,
       please check the style of container, or the props width(100%) and height(100%),
       or add a minWidth(0) or minHeight(undefined) or use aspect(undefined) to control the
       height and width.
[browser] The width(-1) and height(-1) of chart should be greater than 0,
       please check the style of container, or the props width(100%) and height(100%),
       or add a minWidth(0) or minHeight(undefined) or use aspect(undefined) to control the
       height and width.
[browser] The width(-1) and height(-1) of chart should be greater than 0,
       please check the style of container, or the props width(100%) and height(100%),
       or add a minWidth(0) or minHeight(undefined) or use aspect(undefined) to control the
       height and width.
[browser] The width(-1) and height(-1) of chart should be greater than 0,
       please check the style of container, or the props width(100%) and height(100%),
       or add a minWidth(0) or minHeight(undefined) or use aspect(undefined) to control the
       height and width.
[browser] The width(-1) and height(-1) of chart should be greater than 0,
       please check the style of container, or the props width(100%) and height(100%),
       or add a minWidth(0) or minHeight(undefined) or use aspect(undefined) to control the
       height and width.
 GET /pos 200 in 93ms (next.js: 26ms, application-code: 67ms)
 GET /sounds/menu-click.mp3 404 in 58ms (next.js: 4ms, application-code: 54ms)
 GET /sounds/menu-click.mp3 404 in 71ms (next.js: 3ms, application-code: 67ms)
 GET /settings/products 200 in 76ms (next.js: 38ms, application-code: 38ms)
 GET /sounds/menu-click.mp3 404 in 73ms (next.js: 3ms, application-code: 70ms)
 GET /inventory 200 in 80ms (next.js: 44ms, application-code: 36ms)
 GET /sounds/menu-click.mp3 404 in 86ms (next.js: 46ms, application-code: 39ms)
 GET /inventory/transfers 200 in 96ms (next.js: 30ms, application-code: 66ms)
 GET /sounds/menu-click.mp3 404 in 34ms (next.js: 3ms, application-code: 32ms)
 GET /sales 200 in 60ms (next.js: 4ms, application-code: 56ms)
 GET /sounds/menu-click.mp3 404 in 74ms (next.js: 3ms, application-code: 71ms)
 GET /sales/returns 200 in 81ms (next.js: 39ms, application-code: 41ms)
 GET /contacts 200 in 83ms (next.js: 23ms, application-code: 60ms)
 GET /sounds/menu-click.mp3 404 in 46ms (next.js: 6ms, application-code: 40ms)
 GET /sounds/menu-click.mp3 404 in 72ms (next.js: 3ms, application-code: 69ms)
 GET /staff 200 in 78ms (next.js: 40ms, application-code: 38ms)
 GET /sounds/menu-click.mp3 404 in 41ms (next.js: 4ms, application-code: 37ms)
 GET /settings/users 200 in 96ms (next.js: 22ms, application-code: 74ms)
 GET /sounds/menu-click.mp3 404 in 66ms (next.js: 3ms, application-code: 63ms)
 GET /stolen-check 200 in 72ms (next.js: 39ms, application-code: 33ms)
 GET /sounds/menu-click.mp3 404 in 75ms (next.js: 3ms, application-code: 72ms)
 GET /settings/company 200 in 82ms (next.js: 42ms, application-code: 39ms)
 GET /sounds/menu-click.mp3 404 in 70ms (next.js: 3ms, application-code: 67ms)
 GET /reseller 200 in 75ms (next.js: 41ms, application-code: 35ms)
 GET /sounds/error.mp3 404 in 54ms (next.js: 2ms, application-code: 52ms)
 GET /sounds/error.mp3 404 in 66ms (next.js: 5ms, application-code: 60ms)
 GET /sounds/error.mp3 404 in 47ms (next.js: 3ms, application-code: 44ms)
 GET /sounds/error.mp3 404 in 50ms (next.js: 6ms, application-code: 44ms)
 GET /reseller 200 in 55ms (next.js: 3ms, application-code: 52ms)
 GET /sounds/menu-click.mp3 404 in 34ms (next.js: 2ms, application-code: 32ms)
 GET /sounds/menu-click.mp3 404 in 72ms (next.js: 3ms, application-code: 69ms)
 GET /reports 200 in 80ms (next.js: 42ms, application-code: 38ms)
 GET /sounds/menu-click.mp3 404 in 71ms (next.js: 3ms, application-code: 68ms)
 GET /settings/subscriptions 200 in 88ms (next.js: 37ms, application-code: 51ms)
 GET /sounds/menu-click.mp3 404 in 38ms (next.js: 3ms, application-code: 34ms)
 GET /settings/resellers 200 in 85ms (next.js: 26ms, application-code: 59ms)
 GET /sounds/menu-click.mp3 404 in 77ms (next.js: 3ms, application-code: 74ms)
 GET /settings/sample-data 200 in 94ms (next.js: 41ms, application-code: 53ms)
 GET /sounds/menu-click.mp3 404 in 44ms (next.js: 3ms, application-code: 41ms)
 GET /settings/sequences 200 in 816ms (next.js: 796ms, application-code: 20ms)
 GET /sounds/menu-click.mp3 404 in 35ms (next.js: 3ms, application-code: 33ms)
 GET /settings/company 200 in 58ms (next.js: 2ms, application-code: 55ms)
 GET /sounds/menu-click.mp3 404 in 30ms (next.js: 2ms, application-code: 28ms)
 GET /dashboard 200 in 52ms (next.js: 2ms, application-code: 49ms)
[browser] The width(-1) and height(-1) of chart should be greater than 0,
       please check the style of container, or the props width(100%) and height(100%),
       or add a minWidth(0) or minHeight(undefined) or use aspect(undefined) to control the
       height and width.
[browser] The width(-1) and height(-1) of chart should be greater than 0,
       please check the style of container, or the props width(100%) and height(100%),
       or add a minWidth(0) or minHeight(undefined) or use aspect(undefined) to control the
       height and width.
[browser] The width(-1) and height(-1) of chart should be greater than 0,
       please check the style of container, or the props width(100%) and height(100%),
       or add a minWidth(0) or minHeight(undefined) or use aspect(undefined) to control the
       height and width.
[browser] The width(-1) and height(-1) of chart should be greater than 0,
       please check the style of container, or the props width(100%) and height(100%),
       or add a minWidth(0) or minHeight(undefined) or use aspect(undefined) to control the
       height and width.
[browser] The width(-1) and height(-1) of chart should be greater than 0,
       please check the style of container, or the props width(100%) and height(100%),
       or add a minWidth(0) or minHeight(undefined) or use aspect(undefined) to control the
       height and width.
[browser] The width(-1) and height(-1) of chart should be greater than 0,
       please check the style of container, or the props width(100%) and height(100%),
       or add a minWidth(0) or minHeight(undefined) or use aspect(undefined) to control the
       height and width.
[browser] The width(-1) and height(-1) of chart should be greater than 0,
       please check the style of container, or the props width(100%) and height(100%),
       or add a minWidth(0) or minHeight(undefined) or use aspect(undefined) to control the
       height and width.
[browser] The width(-1) and height(-1) of chart should be greater than 0,
       please check the style of container, or the props width(100%) and height(100%),
       or add a minWidth(0) or minHeight(undefined) or use aspect(undefined) to control the
       height and width.
 GET /pos 200 in 73ms (next.js: 2ms, application-code: 71ms)
 GET /sounds/menu-click.mp3 404 in 45ms (next.js: 3ms, application-code: 42ms)
 GET /settings/products 200 in 69ms (next.js: 2ms, application-code: 66ms)
 GET /sounds/menu-click.mp3 404 in 48ms (next.js: 3ms, application-code: 45ms)
 GET /sounds/menu-click.mp3 404 in 35ms (next.js: 3ms, application-code: 32ms)
 GET /inventory 200 in 59ms (next.js: 3ms, application-code: 57ms)
 GET /sales 200 in 63ms (next.js: 3ms, application-code: 60ms)
 GET /sounds/menu-click.mp3 404 in 36ms (next.js: 2ms, application-code: 34ms)
 GET /sounds/click.mp3 404 in 35ms (next.js: 3ms, application-code: 32ms)
 GET /sounds/click.mp3 404 in 35ms (next.js: 3ms, application-code: 32ms)
 GET /sounds/menu-click.mp3 404 in 33ms (next.js: 3ms, application-code: 30ms)
 GET /dashboard 200 in 60ms (next.js: 2ms, application-code: 57ms)
[browser] The width(-1) and height(-1) of chart should be greater than 0,
       please check the style of container, or the props width(100%) and height(100%),
       or add a minWidth(0) or minHeight(undefined) or use aspect(undefined) to control the
       height and width.
[browser] The width(-1) and height(-1) of chart should be greater than 0,
       please check the style of container, or the props width(100%) and height(100%),
       or add a minWidth(0) or minHeight(undefined) or use aspect(undefined) to control the
       height and width.
[browser] The width(-1) and height(-1) of chart should be greater than 0,
       please check the style of container, or the props width(100%) and height(100%),
       or add a minWidth(0) or minHeight(undefined) or use aspect(undefined) to control the
       height and width.
[browser] The width(-1) and height(-1) of chart should be greater than 0,
       please check the style of container, or the props width(100%) and height(100%),
       or add a minWidth(0) or minHeight(undefined) or use aspect(undefined) to control the
       height and width.
[browser] The width(-1) and height(-1) of chart should be greater than 0,
       please check the style of container, or the props width(100%) and height(100%),
       or add a minWidth(0) or minHeight(undefined) or use aspect(undefined) to control the
       height and width.
[browser] The width(-1) and height(-1) of chart should be greater than 0,
       please check the style of container, or the props width(100%) and height(100%),
       or add a minWidth(0) or minHeight(undefined) or use aspect(undefined) to control the
       height and width.
[browser] The width(-1) and height(-1) of chart should be greater than 0,
       please check the style of container, or the props width(100%) and height(100%),
       or add a minWidth(0) or minHeight(undefined) or use aspect(undefined) to control the
       height and width.
[browser] The width(-1) and height(-1) of chart should be greater than 0,
       please check the style of container, or the props width(100%) and height(100%),
       or add a minWidth(0) or minHeight(undefined) or use aspect(undefined) to control the
       height and width.
 GET /sales 200 in 59ms (next.js: 2ms, application-code: 57ms)
 GET /sounds/menu-click.mp3 404 in 38ms (next.js: 4ms, application-code: 34ms)
 GET /sales/returns 200 in 55ms (next.js: 3ms, application-code: 53ms)
 GET /sounds/menu-click.mp3 404 in 34ms (next.js: 2ms, application-code: 31ms)
 GET /sounds/click.mp3 404 in 33ms (next.js: 3ms, application-code: 30ms)
 GET /sounds/click.mp3 404 in 38ms (next.js: 3ms, application-code: 35ms)
 GET /sounds/menu-click.mp3 404 in 32ms (next.js: 2ms, application-code: 30ms)
 GET /dashboard 200 in 55ms (next.js: 2ms, application-code: 53ms)
[browser] The width(-1) and height(-1) of chart should be greater than 0,
       please check the style of container, or the props width(100%) and height(100%),
       or add a minWidth(0) or minHeight(undefined) or use aspect(undefined) to control the
       height and width.
[browser] The width(-1) and height(-1) of chart should be greater than 0,
       please check the style of container, or the props width(100%) and height(100%),
       or add a minWidth(0) or minHeight(undefined) or use aspect(undefined) to control the
       height and width.
[browser] The width(-1) and height(-1) of chart should be greater than 0,
       please check the style of container, or the props width(100%) and height(100%),
       or add a minWidth(0) or minHeight(undefined) or use aspect(undefined) to control the
       height and width.
[browser] The width(-1) and height(-1) of chart should be greater than 0,
       please check the style of container, or the props width(100%) and height(100%),
       or add a minWidth(0) or minHeight(undefined) or use aspect(undefined) to control the
       height and width.
[browser] The width(-1) and height(-1) of chart should be greater than 0,
       please check the style of container, or the props width(100%) and height(100%),
       or add a minWidth(0) or minHeight(undefined) or use aspect(undefined) to control the
       height and width.
[browser] The width(-1) and height(-1) of chart should be greater than 0,
       please check the style of container, or the props width(100%) and height(100%),
       or add a minWidth(0) or minHeight(undefined) or use aspect(undefined) to control the
       height and width.
[browser] The width(-1) and height(-1) of chart should be greater than 0,
       please check the style of container, or the props width(100%) and height(100%),
       or add a minWidth(0) or minHeight(undefined) or use aspect(undefined) to control the
       height and width.
[browser] The width(-1) and height(-1) of chart should be greater than 0,
       please check the style of container, or the props width(100%) and height(100%),
       or add a minWidth(0) or minHeight(undefined) or use aspect(undefined) to control the
       height and width.
 GET /sales 200 in 31ms (next.js: 2ms, application-code: 29ms)
[browser] The width(-1) and height(-1) of chart should be greater than 0,
       please check the style of container, or the props width(100%) and height(100%),
       or add a minWidth(0) or minHeight(undefined) or use aspect(undefined) to control the
       height and width.
[browser] The width(-1) and height(-1) of chart should be greater than 0,
       please check the style of container, or the props width(100%) and height(100%),
       or add a minWidth(0) or minHeight(undefined) or use aspect(undefined) to control the
       height and width.
[browser] The width(-1) and height(-1) of chart should be greater than 0,
       please check the style of container, or the props width(100%) and height(100%),
       or add a minWidth(0) or minHeight(undefined) or use aspect(undefined) to control the
       height and width.
[browser] The width(-1) and height(-1) of chart should be greater than 0,
       please check the style of container, or the props width(100%) and height(100%),
       or add a minWidth(0) or minHeight(undefined) or use aspect(undefined) to control the
       height and width.
[browser] The width(-1) and height(-1) of chart should be greater than 0,
       please check the style of container, or the props width(100%) and height(100%),
       or add a minWidth(0) or minHeight(undefined) or use aspect(undefined) to control the
       height and width.
[browser] The width(-1) and height(-1) of chart should be greater than 0,
       please check the style of container, or the props width(100%) and height(100%),
       or add a minWidth(0) or minHeight(undefined) or use aspect(undefined) to control the
       height and width.
[browser] The width(-1) and height(-1) of chart should be greater than 0,
       please check the style of container, or the props width(100%) and height(100%),
       or add a minWidth(0) or minHeight(undefined) or use aspect(undefined) to control the
       height and width.
[browser] The width(-1) and height(-1) of chart should be greater than 0,
       please check the style of container, or the props width(100%) and height(100%),
       or add a minWidth(0) or minHeight(undefined) or use aspect(undefined) to control the
       height and width.
 GET /purchases 200 in 56ms (next.js: 30ms, application-code: 25ms)
[browser] The width(-1) and height(-1) of chart should be greater than 0,
       please check the style of container, or the props width(100%) and height(100%),
       or add a minWidth(0) or minHeight(undefined) or use aspect(undefined) to control the
       height and width.
[browser] The width(-1) and height(-1) of chart should be greater than 0,
       please check the style of container, or the props width(100%) and height(100%),
       or add a minWidth(0) or minHeight(undefined) or use aspect(undefined) to control the
       height and width.
[browser] The width(-1) and height(-1) of chart should be greater than 0,
       please check the style of container, or the props width(100%) and height(100%),
       or add a minWidth(0) or minHeight(undefined) or use aspect(undefined) to control the
       height and width.
[browser] The width(-1) and height(-1) of chart should be greater than 0,
       please check the style of container, or the props width(100%) and height(100%),
       or add a minWidth(0) or minHeight(undefined) or use aspect(undefined) to control the
       height and width.
[browser] The width(-1) and height(-1) of chart should be greater than 0,
       please check the style of container, or the props width(100%) and height(100%),
       or add a minWidth(0) or minHeight(undefined) or use aspect(undefined) to control the
       height and width.
[browser] The width(-1) and height(-1) of chart should be greater than 0,
       please check the style of container, or the props width(100%) and height(100%),
       or add a minWidth(0) or minHeight(undefined) or use aspect(undefined) to control the
       height and width.
[browser] The width(-1) and height(-1) of chart should be greater than 0,
       please check the style of container, or the props width(100%) and height(100%),
       or add a minWidth(0) or minHeight(undefined) or use aspect(undefined) to control the
       height and width.
[browser] The width(-1) and height(-1) of chart should be greater than 0,
       please check the style of container, or the props width(100%) and height(100%),
       or add a minWidth(0) or minHeight(undefined) or use aspect(undefined) to control the
       height and width.
 GET /reports 200 in 32ms (next.js: 3ms, application-code: 29ms)
 GET /sounds/click.mp3 404 in 37ms (next.js: 3ms, application-code: 35ms)
 GET /sounds/click.mp3 404 in 38ms (next.js: 3ms, application-code: 35ms)
 GET /sounds/menu-click.mp3 404 in 33ms (next.js: 2ms, application-code: 30ms)
 GET /dashboard 200 in 53ms (next.js: 2ms, application-code: 50ms)
[browser] The width(-1) and height(-1) of chart should be greater than 0,
       please check the style of container, or the props width(100%) and height(100%),
       or add a minWidth(0) or minHeight(undefined) or use aspect(undefined) to control the
       height and width.
[browser] The width(-1) and height(-1) of chart should be greater than 0,
       please check the style of container, or the props width(100%) and height(100%),
       or add a minWidth(0) or minHeight(undefined) or use aspect(undefined) to control the
       height and width.
[browser] The width(-1) and height(-1) of chart should be greater than 0,
       please check the style of container, or the props width(100%) and height(100%),
       or add a minWidth(0) or minHeight(undefined) or use aspect(undefined) to control the
       height and width.
[browser] The width(-1) and height(-1) of chart should be greater than 0,
       please check the style of container, or the props width(100%) and height(100%),
       or add a minWidth(0) or minHeight(undefined) or use aspect(undefined) to control the
       height and width.
[browser] The width(-1) and height(-1) of chart should be greater than 0,
       please check the style of container, or the props width(100%) and height(100%),
       or add a minWidth(0) or minHeight(undefined) or use aspect(undefined) to control the
       height and width.
[browser] The width(-1) and height(-1) of chart should be greater than 0,
       please check the style of container, or the props width(100%) and height(100%),
       or add a minWidth(0) or minHeight(undefined) or use aspect(undefined) to control the
       height and width.
[browser] The width(-1) and height(-1) of chart should be greater than 0,
       please check the style of container, or the props width(100%) and height(100%),
       or add a minWidth(0) or minHeight(undefined) or use aspect(undefined) to control the
       height and width.
[browser] The width(-1) and height(-1) of chart should be greater than 0,
       please check the style of container, or the props width(100%) and height(100%),
       or add a minWidth(0) or minHeight(undefined) or use aspect(undefined) to control the
       height and width.
 GET /accounting/expenses 200 in 66ms (next.js: 35ms, application-code: 31ms)
 GET /sounds/click.mp3 404 in 34ms (next.js: 4ms, application-code: 30ms)
 GET /sounds/click.mp3 404 in 37ms (next.js: 3ms, application-code: 35ms)
 GET /sounds/menu-click.mp3 404 in 32ms (next.js: 3ms, application-code: 29ms)
 GET /inventory/transfers 200 in 56ms (next.js: 2ms, application-code: 53ms)
 GET /sounds/menu-click.mp3 404 in 29ms (next.js: 2ms, application-code: 27ms)
 GET /inventory 200 in 48ms (next.js: 2ms, application-code: 46ms)
 GET /sounds/click.mp3 404 in 36ms (next.js: 5ms, application-code: 32ms)
 GET /inventory/audit 200 in 688ms (next.js: 660ms, application-code: 27ms)
 GET /sounds/click.mp3 404 in 42ms (next.js: 3ms, application-code: 38ms)
 GET /accounting/daily 404 in 28ms (next.js: 3ms, application-code: 25ms)
 GET /sounds/menu-click.mp3 404 in 36ms (next.js: 4ms, application-code: 32ms)
 GET /accounting/daily 404 in 35ms (next.js: 3ms, application-code: 32ms)
 GET /accounting/daily 404 in 40ms (next.js: 3ms, application-code: 37ms)
✓ Compiled in 712ms
 GET /inventory/audit 200 in 103ms (next.js: 6ms, application-code: 96ms)
 GET /sounds/click.mp3 404 in 39ms (next.js: 3ms, application-code: 36ms)
 GET /sounds/menu-click.mp3 404 in 43ms (next.js: 5ms, application-code: 38ms)
 GET /dashboard 200 in 71ms (next.js: 5ms, application-code: 66ms)
[browser] The width(-1) and height(-1) of chart should be greater than 0,
       please check the style of container, or the props width(100%) and height(100%),
       or add a minWidth(0) or minHeight(undefined) or use aspect(undefined) to control the
       height and width.
[browser] The width(-1) and height(-1) of chart should be greater than 0,
       please check the style of container, or the props width(100%) and height(100%),
       or add a minWidth(0) or minHeight(undefined) or use aspect(undefined) to control the
       height and width.
[browser] The width(-1) and height(-1) of chart should be greater than 0,
       please check the style of container, or the props width(100%) and height(100%),
       or add a minWidth(0) or minHeight(undefined) or use aspect(undefined) to control the
       height and width.
[browser] The width(-1) and height(-1) of chart should be greater than 0,
       please check the style of container, or the props width(100%) and height(100%),
       or add a minWidth(0) or minHeight(undefined) or use aspect(undefined) to control the
       height and width.
[browser] The width(-1) and height(-1) of chart should be greater than 0,
       please check the style of container, or the props width(100%) and height(100%),
       or add a minWidth(0) or minHeight(undefined) or use aspect(undefined) to control the
       height and width.
[browser] The width(-1) and height(-1) of chart should be greater than 0,
       please check the style of container, or the props width(100%) and height(100%),
       or add a minWidth(0) or minHeight(undefined) or use aspect(undefined) to control the
       height and width.
[browser] The width(-1) and height(-1) of chart should be greater than 0,
       please check the style of container, or the props width(100%) and height(100%),
       or add a minWidth(0) or minHeight(undefined) or use aspect(undefined) to control the
       height and width.
[browser] The width(-1) and height(-1) of chart should be greater than 0,
       please check the style of container, or the props width(100%) and height(100%),
       or add a minWidth(0) or minHeight(undefined) or use aspect(undefined) to control the
       height and width.
 GET /sounds/click.mp3 404 in 34ms (next.js: 3ms, application-code: 31ms)
 GET /sounds/click.mp3 404 in 38ms (next.js: 3ms, application-code: 35ms)
 GET /sounds/click.mp3 404 in 32ms (next.js: 3ms, application-code: 29ms)
 GET /sounds/click.mp3 404 in 40ms (next.js: 3ms, application-code: 37ms)
 GET /sounds/click.mp3 404 in 36ms (next.js: 3ms, application-code: 33ms)
 GET /sounds/click.mp3 404 in 42ms (next.js: 12ms, application-code: 31ms)
 GET /sounds/menu-click.mp3 404 in 39ms (next.js: 4ms, application-code: 35ms)
 GET /settings/products 200 in 69ms (next.js: 5ms, application-code: 64ms)
 GET /sounds/click.mp3 404 in 33ms (next.js: 2ms, application-code: 31ms)
 GET /sales 200 in 58ms (next.js: 5ms, application-code: 53ms)
 GET /sounds/menu-click.mp3 404 in 40ms (next.js: 3ms, application-code: 37ms)
 GET /inventory/transfers 200 in 73ms (next.js: 7ms, application-code: 66ms)
 GET /sounds/menu-click.mp3 404 in 41ms (next.js: 3ms, application-code: 38ms)
 GET /inventory 200 in 26ms (next.js: 5ms, application-code: 20ms)
 GET /sounds/menu-click.mp3 404 in 41ms (next.js: 3ms, application-code: 37ms)
 GET /dashboard 200 in 56ms (next.js: 2ms, application-code: 54ms)
 GET /sounds/menu-click.mp3 404 in 35ms (next.js: 3ms, application-code: 32ms)
[browser] The width(-1) and height(-1) of chart should be greater than 0,
       please check the style of container, or the props width(100%) and height(100%),
       or add a minWidth(0) or minHeight(undefined) or use aspect(undefined) to control the
       height and width.
[browser] The width(-1) and height(-1) of chart should be greater than 0,
       please check the style of container, or the props width(100%) and height(100%),
       or add a minWidth(0) or minHeight(undefined) or use aspect(undefined) to control the
       height and width.
[browser] The width(-1) and height(-1) of chart should be greater than 0,
       please check the style of container, or the props width(100%) and height(100%),
       or add a minWidth(0) or minHeight(undefined) or use aspect(undefined) to control the
       height and width.
[browser] The width(-1) and height(-1) of chart should be greater than 0,
       please check the style of container, or the props width(100%) and height(100%),
       or add a minWidth(0) or minHeight(undefined) or use aspect(undefined) to control the
       height and width.
[browser] The width(-1) and height(-1) of chart should be greater than 0,
       please check the style of container, or the props width(100%) and height(100%),
       or add a minWidth(0) or minHeight(undefined) or use aspect(undefined) to control the
       height and width.
[browser] The width(-1) and height(-1) of chart should be greater than 0,
       please check the style of container, or the props width(100%) and height(100%),
       or add a minWidth(0) or minHeight(undefined) or use aspect(undefined) to control the
       height and width.
[browser] The width(-1) and height(-1) of chart should be greater than 0,
       please check the style of container, or the props width(100%) and height(100%),
       or add a minWidth(0) or minHeight(undefined) or use aspect(undefined) to control the
       height and width.
[browser] The width(-1) and height(-1) of chart should be greater than 0,
       please check the style of container, or the props width(100%) and height(100%),
       or add a minWidth(0) or minHeight(undefined) or use aspect(undefined) to control the
       height and width.
 GET /sounds/menu-click.mp3 404 in 42ms (next.js: 3ms, application-code: 39ms)
 GET /pos 200 in 71ms (next.js: 5ms, application-code: 66ms)
 GET /settings/products 200 in 54ms (next.js: 1837µs, application-code: 52ms)
 GET /sounds/menu-click.mp3 404 in 35ms (next.js: 2ms, application-code: 33ms)
 GET /sounds/menu-click.mp3 404 in 37ms (next.js: 3ms, application-code: 34ms)
 GET /inventory 200 in 58ms (next.js: 2ms, application-code: 56ms)
 GET /sounds/menu-click.mp3 404 in 33ms (next.js: 3ms, application-code: 30ms)
 GET /inventory/transfers 200 in 57ms (next.js: 2ms, application-code: 55ms)
 GET /sounds/menu-click.mp3 404 in 36ms (next.js: 2ms, application-code: 33ms)
 GET /sales 200 in 56ms (next.js: 3ms, application-code: 53ms)
 GET /sounds/menu-click.mp3 404 in 31ms (next.js: 2ms, application-code: 29ms)
 GET /sales/returns 200 in 58ms (next.js: 5ms, application-code: 53ms)
 GET /sounds/menu-click.mp3 404 in 38ms (next.js: 3ms, application-code: 35ms)
 GET /purchases 200 in 62ms (next.js: 4ms, application-code: 58ms)
 GET /sounds/menu-click.mp3 404 in 87ms (next.js: 2ms, application-code: 84ms)
 GET /purchases/returns 200 in 92ms (next.js: 56ms, application-code: 36ms)
 GET /sounds/menu-click.mp3 404 in 58ms (next.js: 21ms, application-code: 37ms)
 GET /accounting/daily 404 in 92ms (next.js: 5ms, application-code: 87ms)
 GET /accounting/daily 404 in 37ms (next.js: 2ms, application-code: 34ms)
 GET /purchases/returns 200 in 132ms (next.js: 2ms, application-code: 130ms)
 GET /sounds/click.mp3 404 in 33ms (next.js: 3ms, application-code: 30ms)
 GET /sounds/menu-click.mp3 404 in 65ms (next.js: 2ms, application-code: 63ms)
 GET /accounting/smart-transaction 200 in 72ms (next.js: 35ms, application-code: 37ms)
 GET /sounds/menu-click.mp3 404 in 60ms (next.js: 25ms, application-code: 35ms)
 GET /accounting/ledger 404 in 67ms (next.js: 6ms, application-code: 61ms)
 GET /accounting/ledger 404 in 37ms (next.js: 4ms, application-code: 34ms)
 GET /accounting/smart-transaction 200 in 95ms (next.js: 2ms, application-code: 93ms)
 GET /accounting/smart-transaction 200 in 94ms (next.js: 2ms, application-code: 92ms)
 GET /sounds/click.mp3 404 in 38ms (next.js: 3ms, application-code: 36ms)
 GET /sounds/menu-click.mp3 404 in 75ms (next.js: 40ms, application-code: 35ms)
 GET /accounting/contact-ledger 200 in 85ms (next.js: 25ms, application-code: 60ms)
 GET /sounds/menu-click.mp3 404 in 56ms (next.js: 11ms, application-code: 44ms)
 GET /accounting/ledger 404 in 88ms (next.js: 29ms, application-code: 59ms)
 GET /accounting/ledger 404 in 67ms (next.js: 3ms, application-code: 65ms)
 GET /accounting/contact-ledger 200 in 99ms (next.js: 2ms, application-code: 97ms)
 GET /sounds/menu-click.mp3 404 in 85ms (next.js: 48ms, application-code: 37ms)
 GET /accounting/due-management 200 in 89ms (next.js: 28ms, application-code: 61ms)
 GET /sounds/menu-click.mp3 404 in 37ms (next.js: 3ms, application-code: 34ms)
 GET /accounting/expenses 200 in 63ms (next.js: 5ms, application-code: 58ms)
 GET /sounds/menu-click.mp3 404 in 72ms (next.js: 7ms, application-code: 65ms)
 GET /settings/accounts 200 in 79ms (next.js: 40ms, application-code: 39ms)
 GET /sounds/menu-click.mp3 404 in 54ms (next.js: 3ms, application-code: 51ms)
 GET /contacts 200 in 59ms (next.js: 27ms, application-code: 32ms)
 GET /sounds/menu-click.mp3 404 in 32ms (next.js: 3ms, application-code: 29ms)
 GET /staff 200 in 53ms (next.js: 4ms, application-code: 48ms)
 GET /sounds/menu-click.mp3 404 in 39ms (next.js: 4ms, application-code: 35ms)
 GET /settings/users 200 in 73ms (next.js: 6ms, application-code: 68ms)
 GET /sounds/menu-click.mp3 404 in 32ms (next.js: 2ms, application-code: 30ms)
 GET /staff 200 in 58ms (next.js: 3ms, application-code: 55ms)
 GET /sounds/menu-click.mp3 404 in 33ms (next.js: 3ms, application-code: 31ms)
 GET /reseller 200 in 57ms (next.js: 5ms, application-code: 52ms)
 GET /sounds/error.mp3 404 in 37ms (next.js: 3ms, application-code: 35ms)
 GET /sounds/error.mp3 404 in 54ms (next.js: 3ms, application-code: 51ms)
 GET /sounds/error.mp3 404 in 46ms (next.js: 3ms, application-code: 43ms)
 GET /sounds/error.mp3 404 in 53ms (next.js: 4ms, application-code: 50ms)
 GET /sounds/menu-click.mp3 404 in 38ms (next.js: 3ms, application-code: 35ms)
 GET /accounting/smart-transaction 200 in 64ms (next.js: 2ms, application-code: 62ms)
 GET /sounds/menu-click.mp3 404 in 54ms (next.js: 21ms, application-code: 33ms)
 GET /accounting/ledger 404 in 59ms (next.js: 5ms, application-code: 54ms)
 GET /accounting/ledger 404 in 38ms (next.js: 3ms, application-code: 35ms)
 GET /accounting/ledger 404 in 311ms (next.js: 109ms, application-code: 202ms)
 GET /accounting/ledger 404 in 42ms (next.js: 5ms, application-code: 37ms)
 GET /accounting/ledger 404 in 196ms (next.js: 6ms, application-code: 191ms)
 GET /accounting/ledger 404 in 207ms (next.js: 31ms, application-code: 176ms)
 GET /accounting/ledgers 200 in 387ms (next.js: 46ms, application-code: 341ms)
 GET /sounds/click.mp3 404 in 49ms (next.js: 4ms, application-code: 45ms)
 GET /sounds/menu-click.mp3 404 in 50ms (next.js: 6ms, application-code: 44ms)
 GET /accounting/smart-transaction 200 in 105ms (next.js: 20ms, application-code: 85ms)
 GET /sounds/menu-click.mp3 404 in 77ms (next.js: 28ms, application-code: 48ms)
 GET /accounting/ledger 404 in 123ms (next.js: 7ms, application-code: 115ms)
 GET /accounting/ledger 404 in 51ms (next.js: 4ms, application-code: 47ms)
 GET /accounting/ledgers 200 in 106ms (next.js: 3ms, application-code: 103ms)
✓ Compiled in 162ms
 GET /sounds/click.mp3 404 in 51ms (next.js: 4ms, application-code: 47ms)
 GET /accounting/ledgers 200 in 15ms (next.js: 5ms, application-code: 9ms)
 GET /sounds/menu-click.mp3 404 in 70ms (next.js: 6ms, application-code: 65ms)
 GET /accounting/ledgers 200 in 31ms (next.js: 3ms, application-code: 28ms)
 GET /sounds/menu-click.mp3 404 in 50ms (next.js: 4ms, application-code: 46ms)
 GET /accounting/contact-ledger 200 in 97ms (next.js: 19ms, application-code: 78ms)
 GET /sounds/click.mp3 404 in 54ms (next.js: 4ms, application-code: 50ms)
 GET /accounting/contact-ledger 200 in 170ms (next.js: 4ms, application-code: 166ms)
 GET /sounds/click.mp3 404 in 49ms (next.js: 4ms, application-code: 45ms)
 GET /sounds/click.mp3 404 in 44ms (next.js: 4ms, application-code: 40ms)
 GET /sounds/click.mp3 404 in 46ms (next.js: 4ms, application-code: 42ms)
 GET /sounds/click.mp3 404 in 49ms (next.js: 4ms, application-code: 46ms)
 GET /sounds/click.mp3 404 in 51ms (next.js: 4ms, application-code: 46ms)
 GET /sounds/click.mp3 404 in 53ms (next.js: 4ms, application-code: 49ms)
 GET /sounds/click.mp3 404 in 47ms (next.js: 4ms, application-code: 44ms)
 GET /sounds/click.mp3 404 in 54ms (next.js: 5ms, application-code: 50ms)
 GET /accounting/contact-ledger 200 in 14ms (next.js: 3ms, application-code: 11ms)
 GET /sounds/menu-click.mp3 404 in 75ms (next.js: 5ms, application-code: 70ms)
 GET /accounting/contact-ledger 200 in 74ms (next.js: 40ms, application-code: 33ms)
 GET /sounds/click.mp3 404 in 48ms (next.js: 5ms, application-code: 43ms)
 GET /accounting/contact-ledger 200 in 12ms (next.js: 3ms, application-code: 8ms)
 GET /sounds/menu-click.mp3 404 in 93ms (next.js: 4ms, application-code: 89ms)
 GET /accounting/contact-ledger 200 in 51ms (next.js: 4ms, application-code: 47ms)
 GET /sounds/menu-click.mp3 404 in 50ms (next.js: 4ms, application-code: 46ms)
 GET /accounting/ledgers 200 in 78ms (next.js: 2ms, application-code: 76ms)
 GET /sounds/menu-click.mp3 404 in 44ms (next.js: 3ms, application-code: 41ms)
 GET /accounting/contact-ledger 200 in 72ms (next.js: 3ms, application-code: 69ms)
 GET /sounds/menu-click.mp3 404 in 45ms (next.js: 3ms, application-code: 42ms)
 GET /accounting/ledgers 200 in 70ms (next.js: 3ms, application-code: 68ms)
 GET /sounds/click.mp3 404 in 51ms (next.js: 4ms, application-code: 47ms)
 GET /sounds/menu-click.mp3 404 in 51ms (next.js: 5ms, application-code: 46ms)
 GET /settings/resellers 200 in 105ms (next.js: 23ms, application-code: 82ms)
 GET /sounds/click.mp3 404 in 58ms (next.js: 6ms, application-code: 52ms)
 GET /sounds/click.mp3 404 in 54ms (next.js: 4ms, application-code: 50ms)
 GET /sounds/click.mp3 404 in 58ms (next.js: 4ms, application-code: 54ms)
 GET /sounds/click.mp3 404 in 48ms (next.js: 4ms, application-code: 44ms)
 GET /settings/company 200 in 97ms (next.js: 21ms, application-code: 76ms)
 GET /sounds/menu-click.mp3 404 in 51ms (next.js: 6ms, application-code: 46ms)
 GET /sounds/click.mp3 404 in 45ms (next.js: 3ms, application-code: 41ms)
 GET /settings/company 200 in 71ms (next.js: 2ms, application-code: 68ms)
 GET /sounds/menu-click.mp3 404 in 49ms (next.js: 3ms, application-code: 45ms)
 GET /sounds/click.mp3 404 in 47ms (next.js: 4ms, application-code: 42ms)
 GET /sounds/click.mp3 404 in 82ms (next.js: 6ms, application-code: 76ms)
 GET /settings/company 200 in 119ms (next.js: 3ms, application-code: 115ms)
 GET /sounds/click.mp3 404 in 56ms (next.js: 4ms, application-code: 52ms)
 GET /sounds/click.mp3 404 in 67ms (next.js: 4ms, application-code: 63ms)
 GET /sounds/click.mp3 404 in 51ms (next.js: 4ms, application-code: 47ms)
 GET /reseller 200 in 102ms (next.js: 21ms, application-code: 81ms)
 GET /sounds/menu-click.mp3 404 in 58ms (next.js: 5ms, application-code: 53ms)
 GET /sounds/error.mp3 404 in 55ms (next.js: 4ms, application-code: 52ms)
 GET /sounds/error.mp3 404 in 67ms (next.js: 4ms, application-code: 63ms)
 GET /sounds/error.mp3 404 in 60ms (next.js: 8ms, application-code: 53ms)
 GET /sounds/error.mp3 404 in 61ms (next.js: 5ms, application-code: 56ms)
 GET /sounds/menu-click.mp3 404 in 51ms (next.js: 4ms, application-code: 47ms)
 GET /settings/resellers 200 in 81ms (next.js: 3ms, application-code: 77ms)
 GET /sounds/click.mp3 404 in 70ms (next.js: 5ms, application-code: 66ms)
 GET /settings/company 200 in 77ms (next.js: 3ms, application-code: 74ms)
 GET /sounds/menu-click.mp3 404 in 47ms (next.js: 3ms, application-code: 44ms)
 GET /sounds/menu-click.mp3 404 in 75ms (next.js: 5ms, application-code: 70ms)
 GET /settings/sample-data 200 in 128ms (next.js: 23ms, application-code: 105ms)
 GET /sounds/click.mp3 404 in 94ms (next.js: 53ms, application-code: 41ms)
 GET / 200 in 102ms (next.js: 33ms, application-code: 68ms)
 GET / 200 in 110ms (next.js: 3ms, application-code: 106ms)
✓ Compiled in 1271ms
⚠ Fast Refresh had to perform a full reload when ./src/app/page.tsx changed. Read more: https://nextjs.org/docs/messages/fast-refresh-reload
 GET / 200 in 674ms (next.js: 203ms, application-code: 471ms)
 GET / 200 in 297ms (next.js: 238ms, application-code: 60ms)
 GET /accounting/contact-ledger 200 in 453ms (next.js: 25ms, application-code: 428ms)
 GET /accounting/ledger 404 in 385ms (next.js: 24ms, application-code: 361ms)
 GET /accounting/ledger 404 in 41ms (next.js: 10ms, application-code: 31ms)
 GET / 200 in 481ms (next.js: 13ms, application-code: 468ms)
 GET /accounting/contact-ledger 200 in 197ms (next.js: 9ms, application-code: 188ms)
 GET /accounting/ledger 404 in 211ms (next.js: 68ms, application-code: 143ms)
 GET /accounting/contact-ledger 200 in 100ms (next.js: 6ms, application-code: 94ms)
 GET / 200 in 61ms (next.js: 4ms, application-code: 57ms)
 GET /sounds/click.mp3 404 in 146ms (next.js: 6ms, application-code: 140ms)
 GET /signup 200 in 197ms (next.js: 78ms, application-code: 119ms)
 GET /login 200 in 130ms (next.js: 38ms, application-code: 92ms)
 GET /sounds/click.mp3 404 in 70ms (next.js: 9ms, application-code: 61ms)
[browser] [GSI_LOGGER]: google.accounts.id.initialize() is called multiple times. This could cause unexpected behavior and only the last initialized instance will be used. (https://accounts.google.com/gsi/client:85:460)
 GET / 200 in 51ms (next.js: 3ms, application-code: 48ms)
 GET /sounds/click.mp3 404 in 47ms (next.js: 4ms, application-code: 43ms)
 GET /signup 200 in 84ms (next.js: 2ms, application-code: 81ms)
 GET /sounds/click.mp3 404 in 65ms (next.js: 5ms, application-code: 60ms)
 GET /login 200 in 35ms (next.js: 4ms, application-code: 31ms)
[browser] [GSI_LOGGER]: google.accounts.id.initialize() is called multiple times. This could cause unexpected behavior and only the last initialized instance will be used. (https://accounts.google.com/gsi/client:85:460)
✓ Compiled in 0ms
 GET / 200 in 324ms (next.js: 223ms, application-code: 100ms)
 GET /accounting/contact-ledger 200 in 331ms (next.js: 89ms, application-code: 243ms)
 GET / 200 in 77ms (next.js: 3ms, application-code: 74ms)
 GET /accounting/contact-ledger 200 in 123ms (next.js: 16ms, application-code: 107ms)
 GET / 200 in 85ms (next.js: 5ms, application-code: 80ms)
 GET / 200 in 38ms (next.js: 3ms, application-code: 35ms)
 GET /signup 200 in 240ms (next.js: 23ms, application-code: 218ms)
 GET /sounds/click.mp3 404 in 189ms (next.js: 21ms, application-code: 168ms)
✓ Compiled in 518ms
 GET /signup 200 in 367ms (next.js: 112ms, application-code: 254ms)
 GET / 200 in 210ms (next.js: 63ms, application-code: 147ms)
 GET /accounting/contact-ledger 200 in 373ms (next.js: 175ms, application-code: 198ms)
 GET /signup 200 in 149ms (next.js: 5ms, application-code: 144ms)
 GET /accounting/contact-ledger 200 in 228ms (next.js: 34ms, application-code: 194ms)
 GET / 200 in 158ms (next.js: 10ms, application-code: 148ms)
 GET /signup 200 in 133ms (next.js: 9ms, application-code: 124ms)
 GET /accounting/contact-ledger 200 in 136ms (next.js: 38ms, application-code: 98ms)
 GET / 200 in 54ms (next.js: 7ms, application-code: 47ms)
 GET /signup 200 in 546ms (next.js: 7ms, application-code: 539ms)
 GET /signup 200 in 77ms (next.js: 3ms, application-code: 73ms)
 GET / 200 in 40ms (next.js: 7ms, application-code: 33ms)
 GET /sounds/click.mp3 404 in 52ms (next.js: 14ms, application-code: 38ms)
 GET /sounds/click.mp3 404 in 41ms (next.js: 3ms, application-code: 38ms)
 GET /login 200 in 73ms (next.js: 16ms, application-code: 58ms)
 GET /sounds/click.mp3 404 in 41ms (next.js: 4ms, application-code: 37ms)
[browser] [GSI_LOGGER]: google.accounts.id.initialize() is called multiple times. This could cause unexpected behavior and only the last initialized instance will be used. (https://accounts.google.com/gsi/client:85:460)
 GET /sounds/click.mp3 404 in 40ms (next.js: 3ms, application-code: 37ms)
 GET /signup 200 in 66ms (next.js: 2ms, application-code: 63ms)
✓ Compiled in 372ms
⨯ ./src/app/signup/page.tsx:258:1
'import', and 'export' cannot be used outside of module code
  [90m256 |[0m   );
  [90m257 |[0m
[31m[1m>[0m [90m258 |[0m [36mexport[0m [36mdefault[0m [36mfunction[0m [33mSignupPage[0m() {
  [90m    |[0m [31m[1m^^^^^^[0m
  [90m259 |[0m   [36mreturn[0m (
  [90m260 |[0m     <[33mSuspense[0m fallback={<div className=[32m"flex items-center justify-center min-h-screen fon...[0m
  [90m261 |[0m       <[33mSignupContent[0m />

Parsing ecmascript source code failed


[browser] ./src/app/signup/page.tsx:258:1
'import', and 'export' cannot be used outside of module code
  256 |   );
  257 |
> 258 | export default function SignupPage() {
      | ^^^^^^
  259 |   return (
  260 |     <Suspense fallback={<div className="flex items-center justify-center min-h-screen fon...
  261 |       <SignupContent />

Parsing ecmascript source code failed 
[browser] ./src/app/signup/page.tsx:258:1
'import', and 'export' cannot be used outside of module code
  256 |   );
  257 |
> 258 | export default function SignupPage() {
      | ^^^^^^
  259 |   return (
  260 |     <Suspense fallback={<div className="flex items-center justify-center min-h-screen fon...
  261 |       <SignupContent />

Parsing ecmascript source code failed 
[browser] ./src/app/signup/page.tsx:258:1
'import', and 'export' cannot be used outside of module code
  256 |   );
  257 |
> 258 | export default function SignupPage() {
      | ^^^^^^
  259 |   return (
  260 |     <Suspense fallback={<div className="flex items-center justify-center min-h-screen fon...
  261 |       <SignupContent />

Parsing ecmascript source code failed 
 GET / 500 in 2.4s (next.js: 2.1s, application-code: 278ms)
 GET /accounting/contact-ledger 500 in 2.4s (next.js: 2.3s, application-code: 49ms)
 GET /signup 500 in 2.4s (next.js: 2.4s, application-code: 34ms)
[browser] ./src/app/signup/page.tsx:258:1
'import', and 'export' cannot be used outside of module code
  256 |   );
  257 |
> 258 | export default function SignupPage() {
      | ^^^^^^
  259 |   return (
  260 |     <Suspense fallback={<div className="flex items-center justify-center min-h-screen fon...
  261 |       <SignupContent />

Parsing ecmascript source code failed 
⨯ ./src/app/signup/page.tsx:258:1
'import', and 'export' cannot be used outside of module code
  [90m256 |[0m   );
  [90m257 |[0m
[31m[1m>[0m [90m258 |[0m [36mexport[0m [36mdefault[0m [36mfunction[0m [33mSignupPage[0m() {
  [90m    |[0m [31m[1m^^^^^^[0m
  [90m259 |[0m   [36mreturn[0m (
  [90m260 |[0m     <[33mSuspense[0m fallback={<div className=[32m"flex items-center justify-center min-h-screen fon...[0m
  [90m261 |[0m       <[33mSignupContent[0m />

Parsing ecmascript source code failed


 GET / 500 in 99ms (next.js: 38ms, application-code: 61ms)
⨯ ./src/app/signup/page.tsx:258:1
'import', and 'export' cannot be used outside of module code
  [90m256 |[0m   );
  [90m257 |[0m
[31m[1m>[0m [90m258 |[0m [36mexport[0m [36mdefault[0m [36mfunction[0m [33mSignupPage[0m() {
  [90m    |[0m [31m[1m^^^^^^[0m
  [90m259 |[0m   [36mreturn[0m (
  [90m260 |[0m     <[33mSuspense[0m fallback={<div className=[32m"flex items-center justify-center min-h-screen fon...[0m
  [90m261 |[0m       <[33mSignupContent[0m />

Parsing ecmascript source code failed


[browser] ./src/app/signup/page.tsx:258:1
'import', and 'export' cannot be used outside of module code
  256 |   );
  257 |
> 258 | export default function SignupPage() {
      | ^^^^^^
  259 |   return (
  260 |     <Suspense fallback={<div className="flex items-center justify-center min-h-screen fon...
  261 |       <SignupContent />

Parsing ecmascript source code failed 
[browser] ./src/app/signup/page.tsx:258:1
'import', and 'export' cannot be used outside of module code
  256 |   );
  257 |
> 258 | export default function SignupPage() {
      | ^^^^^^
  259 |   return (
  260 |     <Suspense fallback={<div className="flex items-center justify-center min-h-screen fon...
  261 |       <SignupContent />

Parsing ecmascript source code failed 
 GET /accounting/contact-ledger 500 in 153ms (next.js: 101ms, application-code: 53ms)
 GET /signup 500 in 154ms (next.js: 120ms, application-code: 34ms)
[browser] ./src/app/signup/page.tsx:258:1
'import', and 'export' cannot be used outside of module code
  256 |   );
  257 |
> 258 | export default function SignupPage() {
      | ^^^^^^
  259 |   return (
  260 |     <Suspense fallback={<div className="flex items-center justify-center min-h-screen fon...
  261 |       <SignupContent />

Parsing ecmascript source code failed 
 GET /signup 500 in 154ms (next.js: 89ms, application-code: 65ms)
 GET /accounting/contact-ledger 500 in 153ms (next.js: 105ms, application-code: 48ms)
 GET / 500 in 159ms (next.js: 126ms, application-code: 32ms)
⨯ ./src/app/signup/page.tsx:258:1
'import', and 'export' cannot be used outside of module code
  [90m256 |[0m   );
  [90m257 |[0m
[31m[1m>[0m [90m258 |[0m [36mexport[0m [36mdefault[0m [36mfunction[0m [33mSignupPage[0m() {
  [90m    |[0m [31m[1m^^^^^^[0m
  [90m259 |[0m   [36mreturn[0m (
  [90m260 |[0m     <[33mSuspense[0m fallback={<div className=[32m"flex items-center justify-center min-h-screen fon...[0m
  [90m261 |[0m       <[33mSignupContent[0m />

Parsing ecmascript source code failed


 GET /accounting/contact-ledger 500 in 96ms
 GET / 500 in 160ms (next.js: 113ms, application-code: 47ms)
⨯ ./src/app/signup/page.tsx:258:1
'import', and 'export' cannot be used outside of module code
  [90m256 |[0m   );
  [90m257 |[0m
[31m[1m>[0m [90m258 |[0m [36mexport[0m [36mdefault[0m [36mfunction[0m [33mSignupPage[0m() {
  [90m    |[0m [31m[1m^^^^^^[0m
  [90m259 |[0m   [36mreturn[0m (
  [90m260 |[0m     <[33mSuspense[0m fallback={<div className=[32m"flex items-center justify-center min-h-screen fon...[0m
  [90m261 |[0m       <[33mSignupContent[0m />

Parsing ecmascript source code failed


⨯ ./src/app/signup/page.tsx:258:1
'import', and 'export' cannot be used outside of module code
  [90m256 |[0m   );
  [90m257 |[0m
[31m[1m>[0m [90m258 |[0m [36mexport[0m [36mdefault[0m [36mfunction[0m [33mSignupPage[0m() {
  [90m    |[0m [31m[1m^^^^^^[0m
  [90m259 |[0m   [36mreturn[0m (
  [90m260 |[0m     <[33mSuspense[0m fallback={<div className=[32m"flex items-center justify-center min-h-screen fon...[0m
  [90m261 |[0m       <[33mSignupContent[0m />

Parsing ecmascript source code failed


[browser] Uncaught Error: ./src/app/signup/page.tsx:258:1
'import', and 'export' cannot be used outside of module code
  256 |   );
  257 |
> 258 | export default function SignupPage() {
      | ^^^^^^
  259 |   return (
  260 |     <Suspense fallback={<div className="flex items-center justify-center min-h-screen fon...
  261 |       <SignupContent />

Parsing ecmascript source code failed


    at <unknown> (Error: ./src/app/signup/page.tsx:258:1)
    at <unknown> (Error: (./src/app/signup/page.tsx:258:1)
[browser] ./src/app/signup/page.tsx:258:1
'import', and 'export' cannot be used outside of module code
  256 |   );
  257 |
> 258 | export default function SignupPage() {
      | ^^^^^^
  259 |   return (
  260 |     <Suspense fallback={<div className="flex items-center justify-center min-h-screen fon...
  261 |       <SignupContent />

Parsing ecmascript source code failed 
[browser] Uncaught Error: ./src/app/signup/page.tsx:258:1
'import', and 'export' cannot be used outside of module code
  256 |   );
  257 |
> 258 | export default function SignupPage() {
      | ^^^^^^
  259 |   return (
  260 |     <Suspense fallback={<div className="flex items-center justify-center min-h-screen fon...
  261 |       <SignupContent />

Parsing ecmascript source code failed


    at <unknown> (Error: ./src/app/signup/page.tsx:258:1)
    at <unknown> (Error: (./src/app/signup/page.tsx:258:1)
[browser] Uncaught Error: ./src/app/signup/page.tsx:258:1
'import', and 'export' cannot be used outside of module code
  256 |   );
  257 |
> 258 | export default function SignupPage() {
      | ^^^^^^
  259 |   return (
  260 |     <Suspense fallback={<div className="flex items-center justify-center min-h-screen fon...
  261 |       <SignupContent />

Parsing ecmascript source code failed


    at <unknown> (Error: ./src/app/signup/page.tsx:258:1)
    at <unknown> (Error: (./src/app/signup/page.tsx:258:1)
[browser] ./src/app/signup/page.tsx:258:1
'import', and 'export' cannot be used outside of module code
  256 |   );
  257 |
> 258 | export default function SignupPage() {
      | ^^^^^^
  259 |   return (
  260 |     <Suspense fallback={<div className="flex items-center justify-center min-h-screen fon...
  261 |       <SignupContent />

Parsing ecmascript source code failed 
[browser] ./src/app/signup/page.tsx:258:1
'import', and 'export' cannot be used outside of module code
  256 |   );
  257 |
> 258 | export default function SignupPage() {
      | ^^^^^^
  259 |   return (
  260 |     <Suspense fallback={<div className="flex items-center justify-center min-h-screen fon...
  261 |       <SignupContent />

Parsing ecmascript source code failed 
 GET /signup 200 in 577ms (next.js: 81ms, application-code: 496ms)
 GET / 200 in 878ms (next.js: 457ms, application-code: 421ms)
 GET /accounting/contact-ledger 200 in 506ms (next.js: 213ms, application-code: 293ms)
 GET /signup 200 in 106ms (next.js: 16ms, application-code: 90ms)
 GET / 200 in 51ms (next.js: 5ms, application-code: 46ms)
 GET /login 200 in 71ms (next.js: 24ms, application-code: 47ms)
[browser] [GSI_LOGGER]: google.accounts.id.initialize() is called multiple times. This could cause unexpected behavior and only the last initialized instance will be used. (https://accounts.google.com/gsi/client:85:460)
